[2025-02-22 15:40:01] production.ERROR: Translation file [C:\Users\Administrator\Local Sites\el-farouk-ecommerce\app\public\@core\resources\lang/ar_frontend.json] contains an invalid JSON structure. (View: C:\Users\Administrator\Local Sites\el-farouk-ecommerce\app\public\@core\app\PageBuilder\views\header\header_slider_one.blade.php) {"view":{"view":"C:\\Users\\Administrator\\Local Sites\\el-farouk-ecommerce\\app\\public\\@core\\vendor\\laravel\\framework\\src\\Illuminate\\Translation\\FileLoader.php","data":[]},"exception":"[object] (Facade\\Ignition\\Exceptions\\ViewException(code: 0): Translation file [C:\\Users\\Administrator\\Local Sites\\el-farouk-ecommerce\\app\\public\\@core\\resources\\lang/ar_frontend.json] contains an invalid JSON structure. (View: C:\\Users\\Administrator\\Local Sites\\el-farouk-ecommerce\\app\\public\\@core\\app\\PageBuilder\\views\\header\\header_slider_one.blade.php) at C:\\Users\\Administrator\\Local Sites\\el-farouk-ecommerce\\app\\public\\@core\\vendor\\laravel\\framework\\src\\Illuminate\\Translation\\FileLoader.php:145)
[stacktrace]
#0 C:\\Users\\Administrator\\Local Sites\\el-farouk-ecommerce\\app\\public\\@core\\vendor\\laravel\\framework\\src\\Illuminate\\Collections\\Traits\\EnumeratesValues.php(768): Illuminate\\Translation\\FileLoader->Illuminate\\Translation\\{closure}(Array, 'C:\\\\Users\\\\Admini...', 1)
#1 C:\\Users\\Administrator\\Local Sites\\el-farouk-ecommerce\\app\\public\\@core\\vendor\\laravel\\framework\\src\\Illuminate\\Translation\\FileLoader.php(140): Illuminate\\Support\\Collection->reduce(Object(Closure), Array)
#2 C:\\Users\\Administrator\\Local Sites\\el-farouk-ecommerce\\app\\public\\@core\\vendor\\laravel\\framework\\src\\Illuminate\\Translation\\FileLoader.php(63): Illuminate\\Translation\\FileLoader->loadJsonPaths('ar_frontend')
#3 C:\\Users\\Administrator\\Local Sites\\el-farouk-ecommerce\\app\\public\\@core\\vendor\\laravel\\framework\\src\\Illuminate\\Translation\\Translator.php(263): Illuminate\\Translation\\FileLoader->load('ar_frontend', '*', '*')
#4 C:\\Users\\Administrator\\Local Sites\\el-farouk-ecommerce\\app\\public\\@core\\vendor\\laravel\\framework\\src\\Illuminate\\Translation\\Translator.php(108): Illuminate\\Translation\\Translator->load('*', '*', 'ar_frontend')
#5 C:\\Users\\Administrator\\Local Sites\\el-farouk-ecommerce\\app\\public\\@core\\vendor\\laravel\\framework\\src\\Illuminate\\Foundation\\helpers.php(835): Illuminate\\Translation\\Translator->get('All Categories', Array, 'ar_frontend')
#6 C:\\Users\\Administrator\\Local Sites\\el-farouk-ecommerce\\app\\public\\@core\\vendor\\laravel\\framework\\src\\Illuminate\\Foundation\\helpers.php(870): trans('All Categories', Array, NULL)
#7 C:\\Users\\Administrator\\Local Sites\\el-farouk-ecommerce\\app\\public\\@core\\app\\Providers/../PageBuilder/views/header/header_slider_one.blade.php(21): __('All Categories')
#8 C:\\Users\\Administrator\\Local Sites\\el-farouk-ecommerce\\app\\public\\@core\\vendor\\laravel\\framework\\src\\Illuminate\\Filesystem\\Filesystem.php(107): require('C:\\\\Users\\\\Admini...')
#9 C:\\Users\\Administrator\\Local Sites\\el-farouk-ecommerce\\app\\public\\@core\\vendor\\laravel\\framework\\src\\Illuminate\\Filesystem\\Filesystem.php(108): Illuminate\\Filesystem\\Filesystem::Illuminate\\Filesystem\\{closure}()
#10 C:\\Users\\Administrator\\Local Sites\\el-farouk-ecommerce\\app\\public\\@core\\vendor\\laravel\\framework\\src\\Illuminate\\View\\Engines\\PhpEngine.php(58): Illuminate\\Filesystem\\Filesystem->getRequire('C:\\\\Users\\\\Admini...', Array)
#11 C:\\Users\\Administrator\\Local Sites\\el-farouk-ecommerce\\app\\public\\@core\\vendor\\laravel\\framework\\src\\Illuminate\\View\\Engines\\CompilerEngine.php(61): Illuminate\\View\\Engines\\PhpEngine->evaluatePath('C:\\\\Users\\\\Admini...', Array)
#12 C:\\Users\\Administrator\\Local Sites\\el-farouk-ecommerce\\app\\public\\@core\\vendor\\facade\\ignition\\src\\Views\\Engines\\CompilerEngine.php(37): Illuminate\\View\\Engines\\CompilerEngine->get('C:\\\\Users\\\\Admini...', Array)
#13 C:\\Users\\Administrator\\Local Sites\\el-farouk-ecommerce\\app\\public\\@core\\vendor\\laravel\\framework\\src\\Illuminate\\View\\View.php(139): Facade\\Ignition\\Views\\Engines\\CompilerEngine->get('C:\\\\Users\\\\Admini...', Array)
#14 C:\\Users\\Administrator\\Local Sites\\el-farouk-ecommerce\\app\\public\\@core\\vendor\\laravel\\framework\\src\\Illuminate\\View\\View.php(122): Illuminate\\View\\View->getContents()
#15 C:\\Users\\Administrator\\Local Sites\\el-farouk-ecommerce\\app\\public\\@core\\vendor\\laravel\\framework\\src\\Illuminate\\View\\View.php(91): Illuminate\\View\\View->renderContents()
#16 C:\\Users\\Administrator\\Local Sites\\el-farouk-ecommerce\\app\\public\\@core\\app\\PageBuilder\\Helpers\\Traits\\RenderViewString.php(12): Illuminate\\View\\View->render()
#17 C:\\Users\\Administrator\\Local Sites\\el-farouk-ecommerce\\app\\public\\@core\\app\\PageBuilder\\Addons\\Header\\HeaderSliderOne.php(122): App\\PageBuilder\\PageBuilderBase->renderBlade('header.header_s...')
#18 C:\\Users\\Administrator\\Local Sites\\el-farouk-ecommerce\\app\\public\\@core\\app\\PageBuilder\\PageBuilderSetup.php(148): App\\PageBuilder\\Addons\\Header\\HeaderSliderOne->frontend_render()
#19 C:\\Users\\Administrator\\Local Sites\\el-farouk-ecommerce\\app\\public\\@core\\app\\PageBuilder\\PageBuilderSetup.php(219): App\\PageBuilder\\PageBuilderSetup::render_widgets_by_name_for_frontend(Array)
#20 C:\\Users\\Administrator\\Local Sites\\el-farouk-ecommerce\\app\\public\\@core\\resources\\views/frontend/partials/pages-portion/dynamic-page-builder-part.blade.php(2): App\\PageBuilder\\PageBuilderSetup::render_frontend_pagebuilder_content_for_dynamic_page('dynamic_page', 3)
#21 C:\\Users\\Administrator\\Local Sites\\el-farouk-ecommerce\\app\\public\\@core\\vendor\\laravel\\framework\\src\\Illuminate\\Filesystem\\Filesystem.php(107): require('C:\\\\Users\\\\Admini...')
#22 C:\\Users\\Administrator\\Local Sites\\el-farouk-ecommerce\\app\\public\\@core\\vendor\\laravel\\framework\\src\\Illuminate\\Filesystem\\Filesystem.php(108): Illuminate\\Filesystem\\Filesystem::Illuminate\\Filesystem\\{closure}()
#23 C:\\Users\\Administrator\\Local Sites\\el-farouk-ecommerce\\app\\public\\@core\\vendor\\laravel\\framework\\src\\Illuminate\\View\\Engines\\PhpEngine.php(58): Illuminate\\Filesystem\\Filesystem->getRequire('C:\\\\Users\\\\Admini...', Array)
#24 C:\\Users\\Administrator\\Local Sites\\el-farouk-ecommerce\\app\\public\\@core\\vendor\\laravel\\framework\\src\\Illuminate\\View\\Engines\\CompilerEngine.php(61): Illuminate\\View\\Engines\\PhpEngine->evaluatePath('C:\\\\Users\\\\Admini...', Array)
#25 C:\\Users\\Administrator\\Local Sites\\el-farouk-ecommerce\\app\\public\\@core\\vendor\\facade\\ignition\\src\\Views\\Engines\\CompilerEngine.php(37): Illuminate\\View\\Engines\\CompilerEngine->get('C:\\\\Users\\\\Admini...', Array)
#26 C:\\Users\\Administrator\\Local Sites\\el-farouk-ecommerce\\app\\public\\@core\\vendor\\laravel\\framework\\src\\Illuminate\\View\\View.php(139): Facade\\Ignition\\Views\\Engines\\CompilerEngine->get('C:\\\\Users\\\\Admini...', Array)
#27 C:\\Users\\Administrator\\Local Sites\\el-farouk-ecommerce\\app\\public\\@core\\vendor\\laravel\\framework\\src\\Illuminate\\View\\View.php(122): Illuminate\\View\\View->getContents()
#28 C:\\Users\\Administrator\\Local Sites\\el-farouk-ecommerce\\app\\public\\@core\\vendor\\laravel\\framework\\src\\Illuminate\\View\\View.php(91): Illuminate\\View\\View->renderContents()
#29 C:\\Users\\Administrator\\Local Sites\\el-farouk-ecommerce\\app\\public\\@core\\resources\\views/frontend/frontend-home.blade.php(3): Illuminate\\View\\View->render()
#30 C:\\Users\\Administrator\\Local Sites\\el-farouk-ecommerce\\app\\public\\@core\\vendor\\laravel\\framework\\src\\Illuminate\\Filesystem\\Filesystem.php(107): require('C:\\\\Users\\\\Admini...')
#31 C:\\Users\\Administrator\\Local Sites\\el-farouk-ecommerce\\app\\public\\@core\\vendor\\laravel\\framework\\src\\Illuminate\\Filesystem\\Filesystem.php(108): Illuminate\\Filesystem\\Filesystem::Illuminate\\Filesystem\\{closure}()
#32 C:\\Users\\Administrator\\Local Sites\\el-farouk-ecommerce\\app\\public\\@core\\vendor\\laravel\\framework\\src\\Illuminate\\View\\Engines\\PhpEngine.php(58): Illuminate\\Filesystem\\Filesystem->getRequire('C:\\\\Users\\\\Admini...', Array)
#33 C:\\Users\\Administrator\\Local Sites\\el-farouk-ecommerce\\app\\public\\@core\\vendor\\laravel\\framework\\src\\Illuminate\\View\\Engines\\CompilerEngine.php(61): Illuminate\\View\\Engines\\PhpEngine->evaluatePath('C:\\\\Users\\\\Admini...', Array)
#34 C:\\Users\\Administrator\\Local Sites\\el-farouk-ecommerce\\app\\public\\@core\\vendor\\facade\\ignition\\src\\Views\\Engines\\CompilerEngine.php(37): Illuminate\\View\\Engines\\CompilerEngine->get('C:\\\\Users\\\\Admini...', Array)
#35 C:\\Users\\Administrator\\Local Sites\\el-farouk-ecommerce\\app\\public\\@core\\vendor\\laravel\\framework\\src\\Illuminate\\View\\View.php(139): Facade\\Ignition\\Views\\Engines\\CompilerEngine->get('C:\\\\Users\\\\Admini...', Array)
#36 C:\\Users\\Administrator\\Local Sites\\el-farouk-ecommerce\\app\\public\\@core\\vendor\\laravel\\framework\\src\\Illuminate\\View\\View.php(122): Illuminate\\View\\View->getContents()
#37 C:\\Users\\Administrator\\Local Sites\\el-farouk-ecommerce\\app\\public\\@core\\vendor\\laravel\\framework\\src\\Illuminate\\View\\View.php(91): Illuminate\\View\\View->renderContents()
#38 C:\\Users\\Administrator\\Local Sites\\el-farouk-ecommerce\\app\\public\\@core\\vendor\\laravel\\framework\\src\\Illuminate\\Http\\Response.php(69): Illuminate\\View\\View->render()
#39 C:\\Users\\Administrator\\Local Sites\\el-farouk-ecommerce\\app\\public\\@core\\vendor\\laravel\\framework\\src\\Illuminate\\Http\\Response.php(35): Illuminate\\Http\\Response->setContent(Object(Illuminate\\View\\View))
#40 C:\\Users\\Administrator\\Local Sites\\el-farouk-ecommerce\\app\\public\\@core\\vendor\\laravel\\framework\\src\\Illuminate\\Routing\\Router.php(820): Illuminate\\Http\\Response->__construct(Object(Illuminate\\View\\View), 200, Array)
#41 C:\\Users\\Administrator\\Local Sites\\el-farouk-ecommerce\\app\\public\\@core\\vendor\\laravel\\framework\\src\\Illuminate\\Routing\\Router.php(789): Illuminate\\Routing\\Router::toResponse(Object(Illuminate\\Http\\Request), Object(Illuminate\\View\\View))
#42 C:\\Users\\Administrator\\Local Sites\\el-farouk-ecommerce\\app\\public\\@core\\vendor\\laravel\\framework\\src\\Illuminate\\Routing\\Router.php(720): Illuminate\\Routing\\Router->prepareResponse(Object(Illuminate\\Http\\Request), Object(Illuminate\\View\\View))
#43 C:\\Users\\Administrator\\Local Sites\\el-farouk-ecommerce\\app\\public\\@core\\vendor\\laravel\\framework\\src\\Illuminate\\Pipeline\\Pipeline.php(128): Illuminate\\Routing\\Router->Illuminate\\Routing\\{closure}(Object(Illuminate\\Http\\Request))
#44 C:\\Users\\Administrator\\Local Sites\\el-farouk-ecommerce\\app\\public\\@core\\app\\Http\\Middleware\\MaintainsMode.php(22): Illuminate\\Pipeline\\Pipeline->Illuminate\\Pipeline\\{closure}(Object(Illuminate\\Http\\Request))
#45 C:\\Users\\Administrator\\Local Sites\\el-farouk-ecommerce\\app\\public\\@core\\vendor\\laravel\\framework\\src\\Illuminate\\Pipeline\\Pipeline.php(167): App\\Http\\Middleware\\MaintainsMode->handle(Object(Illuminate\\Http\\Request), Object(Closure))
#46 C:\\Users\\Administrator\\Local Sites\\el-farouk-ecommerce\\app\\public\\@core\\app\\Http\\Middleware\\GlobalVariableMiddleware.php(86): Illuminate\\Pipeline\\Pipeline->Illuminate\\Pipeline\\{closure}(Object(Illuminate\\Http\\Request))
#47 C:\\Users\\Administrator\\Local Sites\\el-farouk-ecommerce\\app\\public\\@core\\vendor\\laravel\\framework\\src\\Illuminate\\Pipeline\\Pipeline.php(167): App\\Http\\Middleware\\GlobalVariableMiddleware->handle(Object(Illuminate\\Http\\Request), Object(Closure))
#48 C:\\Users\\Administrator\\Local Sites\\el-farouk-ecommerce\\app\\public\\@core\\app\\Http\\Middleware\\SetLang.php(28): Illuminate\\Pipeline\\Pipeline->Illuminate\\Pipeline\\{closure}(Object(Illuminate\\Http\\Request))
#49 C:\\Users\\Administrator\\Local Sites\\el-farouk-ecommerce\\app\\public\\@core\\vendor\\laravel\\framework\\src\\Illuminate\\Pipeline\\Pipeline.php(167): App\\Http\\Middleware\\SetLang->handle(Object(Illuminate\\Http\\Request), Object(Closure), 'frontend')
#50 C:\\Users\\Administrator\\Local Sites\\el-farouk-ecommerce\\app\\public\\@core\\vendor\\laravel\\framework\\src\\Illuminate\\Routing\\Middleware\\SubstituteBindings.php(50): Illuminate\\Pipeline\\Pipeline->Illuminate\\Pipeline\\{closure}(Object(Illuminate\\Http\\Request))
#51 C:\\Users\\Administrator\\Local Sites\\el-farouk-ecommerce\\app\\public\\@core\\vendor\\laravel\\framework\\src\\Illuminate\\Pipeline\\Pipeline.php(167): Illuminate\\Routing\\Middleware\\SubstituteBindings->handle(Object(Illuminate\\Http\\Request), Object(Closure))
#52 C:\\Users\\Administrator\\Local Sites\\el-farouk-ecommerce\\app\\public\\@core\\vendor\\laravel\\framework\\src\\Illuminate\\Foundation\\Http\\Middleware\\VerifyCsrfToken.php(78): Illuminate\\Pipeline\\Pipeline->Illuminate\\Pipeline\\{closure}(Object(Illuminate\\Http\\Request))
#53 C:\\Users\\Administrator\\Local Sites\\el-farouk-ecommerce\\app\\public\\@core\\vendor\\laravel\\framework\\src\\Illuminate\\Pipeline\\Pipeline.php(167): Illuminate\\Foundation\\Http\\Middleware\\VerifyCsrfToken->handle(Object(Illuminate\\Http\\Request), Object(Closure))
#54 C:\\Users\\Administrator\\Local Sites\\el-farouk-ecommerce\\app\\public\\@core\\vendor\\laravel\\framework\\src\\Illuminate\\View\\Middleware\\ShareErrorsFromSession.php(49): Illuminate\\Pipeline\\Pipeline->Illuminate\\Pipeline\\{closure}(Object(Illuminate\\Http\\Request))
#55 C:\\Users\\Administrator\\Local Sites\\el-farouk-ecommerce\\app\\public\\@core\\vendor\\laravel\\framework\\src\\Illuminate\\Pipeline\\Pipeline.php(167): Illuminate\\View\\Middleware\\ShareErrorsFromSession->handle(Object(Illuminate\\Http\\Request), Object(Closure))
#56 C:\\Users\\Administrator\\Local Sites\\el-farouk-ecommerce\\app\\public\\@core\\vendor\\laravel\\framework\\src\\Illuminate\\Session\\Middleware\\StartSession.php(121): Illuminate\\Pipeline\\Pipeline->Illuminate\\Pipeline\\{closure}(Object(Illuminate\\Http\\Request))
#57 C:\\Users\\Administrator\\Local Sites\\el-farouk-ecommerce\\app\\public\\@core\\vendor\\laravel\\framework\\src\\Illuminate\\Session\\Middleware\\StartSession.php(64): Illuminate\\Session\\Middleware\\StartSession->handleStatefulRequest(Object(Illuminate\\Http\\Request), Object(Illuminate\\Session\\Store), Object(Closure))
#58 C:\\Users\\Administrator\\Local Sites\\el-farouk-ecommerce\\app\\public\\@core\\vendor\\laravel\\framework\\src\\Illuminate\\Pipeline\\Pipeline.php(167): Illuminate\\Session\\Middleware\\StartSession->handle(Object(Illuminate\\Http\\Request), Object(Closure))
#59 C:\\Users\\Administrator\\Local Sites\\el-farouk-ecommerce\\app\\public\\@core\\vendor\\laravel\\framework\\src\\Illuminate\\Cookie\\Middleware\\AddQueuedCookiesToResponse.php(37): Illuminate\\Pipeline\\Pipeline->Illuminate\\Pipeline\\{closure}(Object(Illuminate\\Http\\Request))
#60 C:\\Users\\Administrator\\Local Sites\\el-farouk-ecommerce\\app\\public\\@core\\vendor\\laravel\\framework\\src\\Illuminate\\Pipeline\\Pipeline.php(167): Illuminate\\Cookie\\Middleware\\AddQueuedCookiesToResponse->handle(Object(Illuminate\\Http\\Request), Object(Closure))
#61 C:\\Users\\Administrator\\Local Sites\\el-farouk-ecommerce\\app\\public\\@core\\vendor\\laravel\\framework\\src\\Illuminate\\Cookie\\Middleware\\EncryptCookies.php(67): Illuminate\\Pipeline\\Pipeline->Illuminate\\Pipeline\\{closure}(Object(Illuminate\\Http\\Request))
#62 C:\\Users\\Administrator\\Local Sites\\el-farouk-ecommerce\\app\\public\\@core\\vendor\\laravel\\framework\\src\\Illuminate\\Pipeline\\Pipeline.php(167): Illuminate\\Cookie\\Middleware\\EncryptCookies->handle(Object(Illuminate\\Http\\Request), Object(Closure))
#63 C:\\Users\\Administrator\\Local Sites\\el-farouk-ecommerce\\app\\public\\@core\\vendor\\laravel\\framework\\src\\Illuminate\\Pipeline\\Pipeline.php(103): Illuminate\\Pipeline\\Pipeline->Illuminate\\Pipeline\\{closure}(Object(Illuminate\\Http\\Request))
#64 C:\\Users\\Administrator\\Local Sites\\el-farouk-ecommerce\\app\\public\\@core\\vendor\\laravel\\framework\\src\\Illuminate\\Routing\\Router.php(719): Illuminate\\Pipeline\\Pipeline->then(Object(Closure))
#65 C:\\Users\\Administrator\\Local Sites\\el-farouk-ecommerce\\app\\public\\@core\\vendor\\laravel\\framework\\src\\Illuminate\\Routing\\Router.php(698): Illuminate\\Routing\\Router->runRouteWithinStack(Object(Illuminate\\Routing\\Route), Object(Illuminate\\Http\\Request))
#66 C:\\Users\\Administrator\\Local Sites\\el-farouk-ecommerce\\app\\public\\@core\\vendor\\laravel\\framework\\src\\Illuminate\\Routing\\Router.php(662): Illuminate\\Routing\\Router->runRoute(Object(Illuminate\\Http\\Request), Object(Illuminate\\Routing\\Route))
#67 C:\\Users\\Administrator\\Local Sites\\el-farouk-ecommerce\\app\\public\\@core\\vendor\\laravel\\framework\\src\\Illuminate\\Routing\\Router.php(651): Illuminate\\Routing\\Router->dispatchToRoute(Object(Illuminate\\Http\\Request))
#68 C:\\Users\\Administrator\\Local Sites\\el-farouk-ecommerce\\app\\public\\@core\\vendor\\laravel\\framework\\src\\Illuminate\\Foundation\\Http\\Kernel.php(167): Illuminate\\Routing\\Router->dispatch(Object(Illuminate\\Http\\Request))
#69 C:\\Users\\Administrator\\Local Sites\\el-farouk-ecommerce\\app\\public\\@core\\vendor\\laravel\\framework\\src\\Illuminate\\Pipeline\\Pipeline.php(128): Illuminate\\Foundation\\Http\\Kernel->Illuminate\\Foundation\\Http\\{closure}(Object(Illuminate\\Http\\Request))
#70 C:\\Users\\Administrator\\Local Sites\\el-farouk-ecommerce\\app\\public\\@core\\vendor\\laravel\\framework\\src\\Illuminate\\Foundation\\Http\\Middleware\\TransformsRequest.php(21): Illuminate\\Pipeline\\Pipeline->Illuminate\\Pipeline\\{closure}(Object(Illuminate\\Http\\Request))
#71 C:\\Users\\Administrator\\Local Sites\\el-farouk-ecommerce\\app\\public\\@core\\vendor\\laravel\\framework\\src\\Illuminate\\Foundation\\Http\\Middleware\\ConvertEmptyStringsToNull.php(31): Illuminate\\Foundation\\Http\\Middleware\\TransformsRequest->handle(Object(Illuminate\\Http\\Request), Object(Closure))
#72 C:\\Users\\Administrator\\Local Sites\\el-farouk-ecommerce\\app\\public\\@core\\vendor\\laravel\\framework\\src\\Illuminate\\Pipeline\\Pipeline.php(167): Illuminate\\Foundation\\Http\\Middleware\\ConvertEmptyStringsToNull->handle(Object(Illuminate\\Http\\Request), Object(Closure))
#73 C:\\Users\\Administrator\\Local Sites\\el-farouk-ecommerce\\app\\public\\@core\\vendor\\laravel\\framework\\src\\Illuminate\\Foundation\\Http\\Middleware\\TransformsRequest.php(21): Illuminate\\Pipeline\\Pipeline->Illuminate\\Pipeline\\{closure}(Object(Illuminate\\Http\\Request))
#74 C:\\Users\\Administrator\\Local Sites\\el-farouk-ecommerce\\app\\public\\@core\\vendor\\laravel\\framework\\src\\Illuminate\\Foundation\\Http\\Middleware\\TrimStrings.php(40): Illuminate\\Foundation\\Http\\Middleware\\TransformsRequest->handle(Object(Illuminate\\Http\\Request), Object(Closure))
#75 C:\\Users\\Administrator\\Local Sites\\el-farouk-ecommerce\\app\\public\\@core\\vendor\\laravel\\framework\\src\\Illuminate\\Pipeline\\Pipeline.php(167): Illuminate\\Foundation\\Http\\Middleware\\TrimStrings->handle(Object(Illuminate\\Http\\Request), Object(Closure))
#76 C:\\Users\\Administrator\\Local Sites\\el-farouk-ecommerce\\app\\public\\@core\\vendor\\laravel\\framework\\src\\Illuminate\\Foundation\\Http\\Middleware\\ValidatePostSize.php(27): Illuminate\\Pipeline\\Pipeline->Illuminate\\Pipeline\\{closure}(Object(Illuminate\\Http\\Request))
#77 C:\\Users\\Administrator\\Local Sites\\el-farouk-ecommerce\\app\\public\\@core\\vendor\\laravel\\framework\\src\\Illuminate\\Pipeline\\Pipeline.php(167): Illuminate\\Foundation\\Http\\Middleware\\ValidatePostSize->handle(Object(Illuminate\\Http\\Request), Object(Closure))
#78 C:\\Users\\Administrator\\Local Sites\\el-farouk-ecommerce\\app\\public\\@core\\vendor\\laravel\\framework\\src\\Illuminate\\Foundation\\Http\\Middleware\\PreventRequestsDuringMaintenance.php(86): Illuminate\\Pipeline\\Pipeline->Illuminate\\Pipeline\\{closure}(Object(Illuminate\\Http\\Request))
#79 C:\\Users\\Administrator\\Local Sites\\el-farouk-ecommerce\\app\\public\\@core\\vendor\\laravel\\framework\\src\\Illuminate\\Pipeline\\Pipeline.php(167): Illuminate\\Foundation\\Http\\Middleware\\PreventRequestsDuringMaintenance->handle(Object(Illuminate\\Http\\Request), Object(Closure))
#80 C:\\Users\\Administrator\\Local Sites\\el-farouk-ecommerce\\app\\public\\@core\\vendor\\fideloper\\proxy\\src\\TrustProxies.php(57): Illuminate\\Pipeline\\Pipeline->Illuminate\\Pipeline\\{closure}(Object(Illuminate\\Http\\Request))
#81 C:\\Users\\Administrator\\Local Sites\\el-farouk-ecommerce\\app\\public\\@core\\vendor\\laravel\\framework\\src\\Illuminate\\Pipeline\\Pipeline.php(167): Fideloper\\Proxy\\TrustProxies->handle(Object(Illuminate\\Http\\Request), Object(Closure))
#82 C:\\Users\\Administrator\\Local Sites\\el-farouk-ecommerce\\app\\public\\@core\\vendor\\laravel\\framework\\src\\Illuminate\\Pipeline\\Pipeline.php(103): Illuminate\\Pipeline\\Pipeline->Illuminate\\Pipeline\\{closure}(Object(Illuminate\\Http\\Request))
#83 C:\\Users\\Administrator\\Local Sites\\el-farouk-ecommerce\\app\\public\\@core\\vendor\\laravel\\framework\\src\\Illuminate\\Foundation\\Http\\Kernel.php(142): Illuminate\\Pipeline\\Pipeline->then(Object(Closure))
#84 C:\\Users\\Administrator\\Local Sites\\el-farouk-ecommerce\\app\\public\\@core\\vendor\\laravel\\framework\\src\\Illuminate\\Foundation\\Http\\Kernel.php(111): Illuminate\\Foundation\\Http\\Kernel->sendRequestThroughRouter(Object(Illuminate\\Http\\Request))
#85 C:\\Users\\Administrator\\Local Sites\\el-farouk-ecommerce\\app\\public\\index.php(71): Illuminate\\Foundation\\Http\\Kernel->handle(Object(Illuminate\\Http\\Request))
#86 {main}

[previous exception] [object] (RuntimeException(code: 0): Translation file [C:\\Users\\Administrator\\Local Sites\\el-farouk-ecommerce\\app\\public\\@core\\resources\\lang/ar_frontend.json] contains an invalid JSON structure. at C:\\Users\\Administrator\\Local Sites\\el-farouk-ecommerce\\app\\public\\@core\\vendor\\laravel\\framework\\src\\Illuminate\\Translation\\FileLoader.php:145)
[stacktrace]
#0 C:\\Users\\Administrator\\Local Sites\\el-farouk-ecommerce\\app\\public\\@core\\vendor\\laravel\\framework\\src\\Illuminate\\Collections\\Traits\\EnumeratesValues.php(768): Illuminate\\Translation\\FileLoader->Illuminate\\Translation\\{closure}(Array, 'C:\\\\Users\\\\Admini...', 1)
#1 C:\\Users\\Administrator\\Local Sites\\el-farouk-ecommerce\\app\\public\\@core\\vendor\\laravel\\framework\\src\\Illuminate\\Translation\\FileLoader.php(140): Illuminate\\Support\\Collection->reduce(Object(Closure), Array)
#2 C:\\Users\\Administrator\\Local Sites\\el-farouk-ecommerce\\app\\public\\@core\\vendor\\laravel\\framework\\src\\Illuminate\\Translation\\FileLoader.php(63): Illuminate\\Translation\\FileLoader->loadJsonPaths('ar_frontend')
#3 C:\\Users\\Administrator\\Local Sites\\el-farouk-ecommerce\\app\\public\\@core\\vendor\\laravel\\framework\\src\\Illuminate\\Translation\\Translator.php(263): Illuminate\\Translation\\FileLoader->load('ar_frontend', '*', '*')
#4 C:\\Users\\Administrator\\Local Sites\\el-farouk-ecommerce\\app\\public\\@core\\vendor\\laravel\\framework\\src\\Illuminate\\Translation\\Translator.php(108): Illuminate\\Translation\\Translator->load('*', '*', 'ar_frontend')
#5 C:\\Users\\Administrator\\Local Sites\\el-farouk-ecommerce\\app\\public\\@core\\vendor\\laravel\\framework\\src\\Illuminate\\Foundation\\helpers.php(835): Illuminate\\Translation\\Translator->get('All Categories', Array, 'ar_frontend')
#6 C:\\Users\\Administrator\\Local Sites\\el-farouk-ecommerce\\app\\public\\@core\\vendor\\laravel\\framework\\src\\Illuminate\\Foundation\\helpers.php(870): trans('All Categories', Array, NULL)
#7 C:\\Users\\Administrator\\Local Sites\\el-farouk-ecommerce\\app\\public\\@core\\storage\\framework\\views\\ddb35beb84bace9a41ead15da5cedb0621babfd9.php(21): __('All Categories')
#8 C:\\Users\\Administrator\\Local Sites\\el-farouk-ecommerce\\app\\public\\@core\\vendor\\laravel\\framework\\src\\Illuminate\\Filesystem\\Filesystem.php(107): require('C:\\\\Users\\\\Admini...')
#9 C:\\Users\\Administrator\\Local Sites\\el-farouk-ecommerce\\app\\public\\@core\\vendor\\laravel\\framework\\src\\Illuminate\\Filesystem\\Filesystem.php(108): Illuminate\\Filesystem\\Filesystem::Illuminate\\Filesystem\\{closure}()
#10 C:\\Users\\Administrator\\Local Sites\\el-farouk-ecommerce\\app\\public\\@core\\vendor\\laravel\\framework\\src\\Illuminate\\View\\Engines\\PhpEngine.php(58): Illuminate\\Filesystem\\Filesystem->getRequire('C:\\\\Users\\\\Admini...', Array)
#11 C:\\Users\\Administrator\\Local Sites\\el-farouk-ecommerce\\app\\public\\@core\\vendor\\laravel\\framework\\src\\Illuminate\\View\\Engines\\CompilerEngine.php(61): Illuminate\\View\\Engines\\PhpEngine->evaluatePath('C:\\\\Users\\\\Admini...', Array)
#12 C:\\Users\\Administrator\\Local Sites\\el-farouk-ecommerce\\app\\public\\@core\\vendor\\facade\\ignition\\src\\Views\\Engines\\CompilerEngine.php(37): Illuminate\\View\\Engines\\CompilerEngine->get('C:\\\\Users\\\\Admini...', Array)
#13 C:\\Users\\Administrator\\Local Sites\\el-farouk-ecommerce\\app\\public\\@core\\vendor\\laravel\\framework\\src\\Illuminate\\View\\View.php(139): Facade\\Ignition\\Views\\Engines\\CompilerEngine->get('C:\\\\Users\\\\Admini...', Array)
#14 C:\\Users\\Administrator\\Local Sites\\el-farouk-ecommerce\\app\\public\\@core\\vendor\\laravel\\framework\\src\\Illuminate\\View\\View.php(122): Illuminate\\View\\View->getContents()
#15 C:\\Users\\Administrator\\Local Sites\\el-farouk-ecommerce\\app\\public\\@core\\vendor\\laravel\\framework\\src\\Illuminate\\View\\View.php(91): Illuminate\\View\\View->renderContents()
#16 C:\\Users\\Administrator\\Local Sites\\el-farouk-ecommerce\\app\\public\\@core\\app\\PageBuilder\\Helpers\\Traits\\RenderViewString.php(12): Illuminate\\View\\View->render()
#17 C:\\Users\\Administrator\\Local Sites\\el-farouk-ecommerce\\app\\public\\@core\\app\\PageBuilder\\Addons\\Header\\HeaderSliderOne.php(122): App\\PageBuilder\\PageBuilderBase->renderBlade('header.header_s...')
#18 C:\\Users\\Administrator\\Local Sites\\el-farouk-ecommerce\\app\\public\\@core\\app\\PageBuilder\\PageBuilderSetup.php(148): App\\PageBuilder\\Addons\\Header\\HeaderSliderOne->frontend_render()
#19 C:\\Users\\Administrator\\Local Sites\\el-farouk-ecommerce\\app\\public\\@core\\app\\PageBuilder\\PageBuilderSetup.php(219): App\\PageBuilder\\PageBuilderSetup::render_widgets_by_name_for_frontend(Array)
#20 C:\\Users\\Administrator\\Local Sites\\el-farouk-ecommerce\\app\\public\\@core\\storage\\framework\\views\\60552c3bb51752dc7375e3f71368d92680e0c0e8.php(2): App\\PageBuilder\\PageBuilderSetup::render_frontend_pagebuilder_content_for_dynamic_page('dynamic_page', 3)
#21 C:\\Users\\Administrator\\Local Sites\\el-farouk-ecommerce\\app\\public\\@core\\vendor\\laravel\\framework\\src\\Illuminate\\Filesystem\\Filesystem.php(107): require('C:\\\\Users\\\\Admini...')
#22 C:\\Users\\Administrator\\Local Sites\\el-farouk-ecommerce\\app\\public\\@core\\vendor\\laravel\\framework\\src\\Illuminate\\Filesystem\\Filesystem.php(108): Illuminate\\Filesystem\\Filesystem::Illuminate\\Filesystem\\{closure}()
#23 C:\\Users\\Administrator\\Local Sites\\el-farouk-ecommerce\\app\\public\\@core\\vendor\\laravel\\framework\\src\\Illuminate\\View\\Engines\\PhpEngine.php(58): Illuminate\\Filesystem\\Filesystem->getRequire('C:\\\\Users\\\\Admini...', Array)
#24 C:\\Users\\Administrator\\Local Sites\\el-farouk-ecommerce\\app\\public\\@core\\vendor\\laravel\\framework\\src\\Illuminate\\View\\Engines\\CompilerEngine.php(61): Illuminate\\View\\Engines\\PhpEngine->evaluatePath('C:\\\\Users\\\\Admini...', Array)
#25 C:\\Users\\Administrator\\Local Sites\\el-farouk-ecommerce\\app\\public\\@core\\vendor\\facade\\ignition\\src\\Views\\Engines\\CompilerEngine.php(37): Illuminate\\View\\Engines\\CompilerEngine->get('C:\\\\Users\\\\Admini...', Array)
#26 C:\\Users\\Administrator\\Local Sites\\el-farouk-ecommerce\\app\\public\\@core\\vendor\\laravel\\framework\\src\\Illuminate\\View\\View.php(139): Facade\\Ignition\\Views\\Engines\\CompilerEngine->get('C:\\\\Users\\\\Admini...', Array)
#27 C:\\Users\\Administrator\\Local Sites\\el-farouk-ecommerce\\app\\public\\@core\\vendor\\laravel\\framework\\src\\Illuminate\\View\\View.php(122): Illuminate\\View\\View->getContents()
#28 C:\\Users\\Administrator\\Local Sites\\el-farouk-ecommerce\\app\\public\\@core\\vendor\\laravel\\framework\\src\\Illuminate\\View\\View.php(91): Illuminate\\View\\View->renderContents()
#29 C:\\Users\\Administrator\\Local Sites\\el-farouk-ecommerce\\app\\public\\@core\\storage\\framework\\views\\ee81d5c841c15dbc2c2ef5ecb43d1c50f574d378.php(2): Illuminate\\View\\View->render()
#30 C:\\Users\\Administrator\\Local Sites\\el-farouk-ecommerce\\app\\public\\@core\\vendor\\laravel\\framework\\src\\Illuminate\\Filesystem\\Filesystem.php(107): require('C:\\\\Users\\\\Admini...')
#31 C:\\Users\\Administrator\\Local Sites\\el-farouk-ecommerce\\app\\public\\@core\\vendor\\laravel\\framework\\src\\Illuminate\\Filesystem\\Filesystem.php(108): Illuminate\\Filesystem\\Filesystem::Illuminate\\Filesystem\\{closure}()
#32 C:\\Users\\Administrator\\Local Sites\\el-farouk-ecommerce\\app\\public\\@core\\vendor\\laravel\\framework\\src\\Illuminate\\View\\Engines\\PhpEngine.php(58): Illuminate\\Filesystem\\Filesystem->getRequire('C:\\\\Users\\\\Admini...', Array)
#33 C:\\Users\\Administrator\\Local Sites\\el-farouk-ecommerce\\app\\public\\@core\\vendor\\laravel\\framework\\src\\Illuminate\\View\\Engines\\CompilerEngine.php(61): Illuminate\\View\\Engines\\PhpEngine->evaluatePath('C:\\\\Users\\\\Admini...', Array)
#34 C:\\Users\\Administrator\\Local Sites\\el-farouk-ecommerce\\app\\public\\@core\\vendor\\facade\\ignition\\src\\Views\\Engines\\CompilerEngine.php(37): Illuminate\\View\\Engines\\CompilerEngine->get('C:\\\\Users\\\\Admini...', Array)
#35 C:\\Users\\Administrator\\Local Sites\\el-farouk-ecommerce\\app\\public\\@core\\vendor\\laravel\\framework\\src\\Illuminate\\View\\View.php(139): Facade\\Ignition\\Views\\Engines\\CompilerEngine->get('C:\\\\Users\\\\Admini...', Array)
#36 C:\\Users\\Administrator\\Local Sites\\el-farouk-ecommerce\\app\\public\\@core\\vendor\\laravel\\framework\\src\\Illuminate\\View\\View.php(122): Illuminate\\View\\View->getContents()
#37 C:\\Users\\Administrator\\Local Sites\\el-farouk-ecommerce\\app\\public\\@core\\vendor\\laravel\\framework\\src\\Illuminate\\View\\View.php(91): Illuminate\\View\\View->renderContents()
#38 C:\\Users\\Administrator\\Local Sites\\el-farouk-ecommerce\\app\\public\\@core\\vendor\\laravel\\framework\\src\\Illuminate\\Http\\Response.php(69): Illuminate\\View\\View->render()
#39 C:\\Users\\Administrator\\Local Sites\\el-farouk-ecommerce\\app\\public\\@core\\vendor\\laravel\\framework\\src\\Illuminate\\Http\\Response.php(35): Illuminate\\Http\\Response->setContent(Object(Illuminate\\View\\View))
#40 C:\\Users\\Administrator\\Local Sites\\el-farouk-ecommerce\\app\\public\\@core\\vendor\\laravel\\framework\\src\\Illuminate\\Routing\\Router.php(820): Illuminate\\Http\\Response->__construct(Object(Illuminate\\View\\View), 200, Array)
#41 C:\\Users\\Administrator\\Local Sites\\el-farouk-ecommerce\\app\\public\\@core\\vendor\\laravel\\framework\\src\\Illuminate\\Routing\\Router.php(789): Illuminate\\Routing\\Router::toResponse(Object(Illuminate\\Http\\Request), Object(Illuminate\\View\\View))
#42 C:\\Users\\Administrator\\Local Sites\\el-farouk-ecommerce\\app\\public\\@core\\vendor\\laravel\\framework\\src\\Illuminate\\Routing\\Router.php(720): Illuminate\\Routing\\Router->prepareResponse(Object(Illuminate\\Http\\Request), Object(Illuminate\\View\\View))
#43 C:\\Users\\Administrator\\Local Sites\\el-farouk-ecommerce\\app\\public\\@core\\vendor\\laravel\\framework\\src\\Illuminate\\Pipeline\\Pipeline.php(128): Illuminate\\Routing\\Router->Illuminate\\Routing\\{closure}(Object(Illuminate\\Http\\Request))
#44 C:\\Users\\Administrator\\Local Sites\\el-farouk-ecommerce\\app\\public\\@core\\app\\Http\\Middleware\\MaintainsMode.php(22): Illuminate\\Pipeline\\Pipeline->Illuminate\\Pipeline\\{closure}(Object(Illuminate\\Http\\Request))
#45 C:\\Users\\Administrator\\Local Sites\\el-farouk-ecommerce\\app\\public\\@core\\vendor\\laravel\\framework\\src\\Illuminate\\Pipeline\\Pipeline.php(167): App\\Http\\Middleware\\MaintainsMode->handle(Object(Illuminate\\Http\\Request), Object(Closure))
#46 C:\\Users\\Administrator\\Local Sites\\el-farouk-ecommerce\\app\\public\\@core\\app\\Http\\Middleware\\GlobalVariableMiddleware.php(86): Illuminate\\Pipeline\\Pipeline->Illuminate\\Pipeline\\{closure}(Object(Illuminate\\Http\\Request))
#47 C:\\Users\\Administrator\\Local Sites\\el-farouk-ecommerce\\app\\public\\@core\\vendor\\laravel\\framework\\src\\Illuminate\\Pipeline\\Pipeline.php(167): App\\Http\\Middleware\\GlobalVariableMiddleware->handle(Object(Illuminate\\Http\\Request), Object(Closure))
#48 C:\\Users\\Administrator\\Local Sites\\el-farouk-ecommerce\\app\\public\\@core\\app\\Http\\Middleware\\SetLang.php(28): Illuminate\\Pipeline\\Pipeline->Illuminate\\Pipeline\\{closure}(Object(Illuminate\\Http\\Request))
#49 C:\\Users\\Administrator\\Local Sites\\el-farouk-ecommerce\\app\\public\\@core\\vendor\\laravel\\framework\\src\\Illuminate\\Pipeline\\Pipeline.php(167): App\\Http\\Middleware\\SetLang->handle(Object(Illuminate\\Http\\Request), Object(Closure), 'frontend')
#50 C:\\Users\\Administrator\\Local Sites\\el-farouk-ecommerce\\app\\public\\@core\\vendor\\laravel\\framework\\src\\Illuminate\\Routing\\Middleware\\SubstituteBindings.php(50): Illuminate\\Pipeline\\Pipeline->Illuminate\\Pipeline\\{closure}(Object(Illuminate\\Http\\Request))
#51 C:\\Users\\Administrator\\Local Sites\\el-farouk-ecommerce\\app\\public\\@core\\vendor\\laravel\\framework\\src\\Illuminate\\Pipeline\\Pipeline.php(167): Illuminate\\Routing\\Middleware\\SubstituteBindings->handle(Object(Illuminate\\Http\\Request), Object(Closure))
#52 C:\\Users\\Administrator\\Local Sites\\el-farouk-ecommerce\\app\\public\\@core\\vendor\\laravel\\framework\\src\\Illuminate\\Foundation\\Http\\Middleware\\VerifyCsrfToken.php(78): Illuminate\\Pipeline\\Pipeline->Illuminate\\Pipeline\\{closure}(Object(Illuminate\\Http\\Request))
#53 C:\\Users\\Administrator\\Local Sites\\el-farouk-ecommerce\\app\\public\\@core\\vendor\\laravel\\framework\\src\\Illuminate\\Pipeline\\Pipeline.php(167): Illuminate\\Foundation\\Http\\Middleware\\VerifyCsrfToken->handle(Object(Illuminate\\Http\\Request), Object(Closure))
#54 C:\\Users\\Administrator\\Local Sites\\el-farouk-ecommerce\\app\\public\\@core\\vendor\\laravel\\framework\\src\\Illuminate\\View\\Middleware\\ShareErrorsFromSession.php(49): Illuminate\\Pipeline\\Pipeline->Illuminate\\Pipeline\\{closure}(Object(Illuminate\\Http\\Request))
#55 C:\\Users\\Administrator\\Local Sites\\el-farouk-ecommerce\\app\\public\\@core\\vendor\\laravel\\framework\\src\\Illuminate\\Pipeline\\Pipeline.php(167): Illuminate\\View\\Middleware\\ShareErrorsFromSession->handle(Object(Illuminate\\Http\\Request), Object(Closure))
#56 C:\\Users\\Administrator\\Local Sites\\el-farouk-ecommerce\\app\\public\\@core\\vendor\\laravel\\framework\\src\\Illuminate\\Session\\Middleware\\StartSession.php(121): Illuminate\\Pipeline\\Pipeline->Illuminate\\Pipeline\\{closure}(Object(Illuminate\\Http\\Request))
#57 C:\\Users\\Administrator\\Local Sites\\el-farouk-ecommerce\\app\\public\\@core\\vendor\\laravel\\framework\\src\\Illuminate\\Session\\Middleware\\StartSession.php(64): Illuminate\\Session\\Middleware\\StartSession->handleStatefulRequest(Object(Illuminate\\Http\\Request), Object(Illuminate\\Session\\Store), Object(Closure))
#58 C:\\Users\\Administrator\\Local Sites\\el-farouk-ecommerce\\app\\public\\@core\\vendor\\laravel\\framework\\src\\Illuminate\\Pipeline\\Pipeline.php(167): Illuminate\\Session\\Middleware\\StartSession->handle(Object(Illuminate\\Http\\Request), Object(Closure))
#59 C:\\Users\\Administrator\\Local Sites\\el-farouk-ecommerce\\app\\public\\@core\\vendor\\laravel\\framework\\src\\Illuminate\\Cookie\\Middleware\\AddQueuedCookiesToResponse.php(37): Illuminate\\Pipeline\\Pipeline->Illuminate\\Pipeline\\{closure}(Object(Illuminate\\Http\\Request))
#60 C:\\Users\\Administrator\\Local Sites\\el-farouk-ecommerce\\app\\public\\@core\\vendor\\laravel\\framework\\src\\Illuminate\\Pipeline\\Pipeline.php(167): Illuminate\\Cookie\\Middleware\\AddQueuedCookiesToResponse->handle(Object(Illuminate\\Http\\Request), Object(Closure))
#61 C:\\Users\\Administrator\\Local Sites\\el-farouk-ecommerce\\app\\public\\@core\\vendor\\laravel\\framework\\src\\Illuminate\\Cookie\\Middleware\\EncryptCookies.php(67): Illuminate\\Pipeline\\Pipeline->Illuminate\\Pipeline\\{closure}(Object(Illuminate\\Http\\Request))
#62 C:\\Users\\Administrator\\Local Sites\\el-farouk-ecommerce\\app\\public\\@core\\vendor\\laravel\\framework\\src\\Illuminate\\Pipeline\\Pipeline.php(167): Illuminate\\Cookie\\Middleware\\EncryptCookies->handle(Object(Illuminate\\Http\\Request), Object(Closure))
#63 C:\\Users\\Administrator\\Local Sites\\el-farouk-ecommerce\\app\\public\\@core\\vendor\\laravel\\framework\\src\\Illuminate\\Pipeline\\Pipeline.php(103): Illuminate\\Pipeline\\Pipeline->Illuminate\\Pipeline\\{closure}(Object(Illuminate\\Http\\Request))
#64 C:\\Users\\Administrator\\Local Sites\\el-farouk-ecommerce\\app\\public\\@core\\vendor\\laravel\\framework\\src\\Illuminate\\Routing\\Router.php(719): Illuminate\\Pipeline\\Pipeline->then(Object(Closure))
#65 C:\\Users\\Administrator\\Local Sites\\el-farouk-ecommerce\\app\\public\\@core\\vendor\\laravel\\framework\\src\\Illuminate\\Routing\\Router.php(698): Illuminate\\Routing\\Router->runRouteWithinStack(Object(Illuminate\\Routing\\Route), Object(Illuminate\\Http\\Request))
#66 C:\\Users\\Administrator\\Local Sites\\el-farouk-ecommerce\\app\\public\\@core\\vendor\\laravel\\framework\\src\\Illuminate\\Routing\\Router.php(662): Illuminate\\Routing\\Router->runRoute(Object(Illuminate\\Http\\Request), Object(Illuminate\\Routing\\Route))
#67 C:\\Users\\Administrator\\Local Sites\\el-farouk-ecommerce\\app\\public\\@core\\vendor\\laravel\\framework\\src\\Illuminate\\Routing\\Router.php(651): Illuminate\\Routing\\Router->dispatchToRoute(Object(Illuminate\\Http\\Request))
#68 C:\\Users\\Administrator\\Local Sites\\el-farouk-ecommerce\\app\\public\\@core\\vendor\\laravel\\framework\\src\\Illuminate\\Foundation\\Http\\Kernel.php(167): Illuminate\\Routing\\Router->dispatch(Object(Illuminate\\Http\\Request))
#69 C:\\Users\\Administrator\\Local Sites\\el-farouk-ecommerce\\app\\public\\@core\\vendor\\laravel\\framework\\src\\Illuminate\\Pipeline\\Pipeline.php(128): Illuminate\\Foundation\\Http\\Kernel->Illuminate\\Foundation\\Http\\{closure}(Object(Illuminate\\Http\\Request))
#70 C:\\Users\\Administrator\\Local Sites\\el-farouk-ecommerce\\app\\public\\@core\\vendor\\laravel\\framework\\src\\Illuminate\\Foundation\\Http\\Middleware\\TransformsRequest.php(21): Illuminate\\Pipeline\\Pipeline->Illuminate\\Pipeline\\{closure}(Object(Illuminate\\Http\\Request))
#71 C:\\Users\\Administrator\\Local Sites\\el-farouk-ecommerce\\app\\public\\@core\\vendor\\laravel\\framework\\src\\Illuminate\\Foundation\\Http\\Middleware\\ConvertEmptyStringsToNull.php(31): Illuminate\\Foundation\\Http\\Middleware\\TransformsRequest->handle(Object(Illuminate\\Http\\Request), Object(Closure))
#72 C:\\Users\\Administrator\\Local Sites\\el-farouk-ecommerce\\app\\public\\@core\\vendor\\laravel\\framework\\src\\Illuminate\\Pipeline\\Pipeline.php(167): Illuminate\\Foundation\\Http\\Middleware\\ConvertEmptyStringsToNull->handle(Object(Illuminate\\Http\\Request), Object(Closure))
#73 C:\\Users\\Administrator\\Local Sites\\el-farouk-ecommerce\\app\\public\\@core\\vendor\\laravel\\framework\\src\\Illuminate\\Foundation\\Http\\Middleware\\TransformsRequest.php(21): Illuminate\\Pipeline\\Pipeline->Illuminate\\Pipeline\\{closure}(Object(Illuminate\\Http\\Request))
#74 C:\\Users\\Administrator\\Local Sites\\el-farouk-ecommerce\\app\\public\\@core\\vendor\\laravel\\framework\\src\\Illuminate\\Foundation\\Http\\Middleware\\TrimStrings.php(40): Illuminate\\Foundation\\Http\\Middleware\\TransformsRequest->handle(Object(Illuminate\\Http\\Request), Object(Closure))
#75 C:\\Users\\Administrator\\Local Sites\\el-farouk-ecommerce\\app\\public\\@core\\vendor\\laravel\\framework\\src\\Illuminate\\Pipeline\\Pipeline.php(167): Illuminate\\Foundation\\Http\\Middleware\\TrimStrings->handle(Object(Illuminate\\Http\\Request), Object(Closure))
#76 C:\\Users\\Administrator\\Local Sites\\el-farouk-ecommerce\\app\\public\\@core\\vendor\\laravel\\framework\\src\\Illuminate\\Foundation\\Http\\Middleware\\ValidatePostSize.php(27): Illuminate\\Pipeline\\Pipeline->Illuminate\\Pipeline\\{closure}(Object(Illuminate\\Http\\Request))
#77 C:\\Users\\Administrator\\Local Sites\\el-farouk-ecommerce\\app\\public\\@core\\vendor\\laravel\\framework\\src\\Illuminate\\Pipeline\\Pipeline.php(167): Illuminate\\Foundation\\Http\\Middleware\\ValidatePostSize->handle(Object(Illuminate\\Http\\Request), Object(Closure))
#78 C:\\Users\\Administrator\\Local Sites\\el-farouk-ecommerce\\app\\public\\@core\\vendor\\laravel\\framework\\src\\Illuminate\\Foundation\\Http\\Middleware\\PreventRequestsDuringMaintenance.php(86): Illuminate\\Pipeline\\Pipeline->Illuminate\\Pipeline\\{closure}(Object(Illuminate\\Http\\Request))
#79 C:\\Users\\Administrator\\Local Sites\\el-farouk-ecommerce\\app\\public\\@core\\vendor\\laravel\\framework\\src\\Illuminate\\Pipeline\\Pipeline.php(167): Illuminate\\Foundation\\Http\\Middleware\\PreventRequestsDuringMaintenance->handle(Object(Illuminate\\Http\\Request), Object(Closure))
#80 C:\\Users\\Administrator\\Local Sites\\el-farouk-ecommerce\\app\\public\\@core\\vendor\\fideloper\\proxy\\src\\TrustProxies.php(57): Illuminate\\Pipeline\\Pipeline->Illuminate\\Pipeline\\{closure}(Object(Illuminate\\Http\\Request))
#81 C:\\Users\\Administrator\\Local Sites\\el-farouk-ecommerce\\app\\public\\@core\\vendor\\laravel\\framework\\src\\Illuminate\\Pipeline\\Pipeline.php(167): Fideloper\\Proxy\\TrustProxies->handle(Object(Illuminate\\Http\\Request), Object(Closure))
#82 C:\\Users\\Administrator\\Local Sites\\el-farouk-ecommerce\\app\\public\\@core\\vendor\\laravel\\framework\\src\\Illuminate\\Pipeline\\Pipeline.php(103): Illuminate\\Pipeline\\Pipeline->Illuminate\\Pipeline\\{closure}(Object(Illuminate\\Http\\Request))
#83 C:\\Users\\Administrator\\Local Sites\\el-farouk-ecommerce\\app\\public\\@core\\vendor\\laravel\\framework\\src\\Illuminate\\Foundation\\Http\\Kernel.php(142): Illuminate\\Pipeline\\Pipeline->then(Object(Closure))
#84 C:\\Users\\Administrator\\Local Sites\\el-farouk-ecommerce\\app\\public\\@core\\vendor\\laravel\\framework\\src\\Illuminate\\Foundation\\Http\\Kernel.php(111): Illuminate\\Foundation\\Http\\Kernel->sendRequestThroughRouter(Object(Illuminate\\Http\\Request))
#85 C:\\Users\\Administrator\\Local Sites\\el-farouk-ecommerce\\app\\public\\index.php(71): Illuminate\\Foundation\\Http\\Kernel->handle(Object(Illuminate\\Http\\Request))
#86 {main}
"} 
