[2025-03-02 07:40:47] production.ERROR: Maximum execution time of 30 seconds exceeded {"exception":"[object] (Symfony\\Component\\ErrorHandler\\Error\\FatalError(code: 0): Maximum execution time of 30 seconds exceeded at C:\\Users\\Administrator\\Local Sites\\el-farouk-ecommerce\\app\\public\\@core\\vendor\\composer\\ClassLoader.php:430)
[stacktrace]
#0 {main}
"} 
[2025-03-02 07:41:36] production.ERROR: Maximum execution time of 30 seconds exceeded {"exception":"[object] (Symfony\\Component\\ErrorHandler\\Error\\FatalError(code: 0): Maximum execution time of 30 seconds exceeded at C:\\Users\\Administrator\\Local Sites\\el-farouk-ecommerce\\app\\public\\@core\\vendor\\ezyang\\htmlpurifier\\library\\HTMLPurifier\\ChildDef\\Required.php:6)
[stacktrace]
#0 {main}
"} 
[2025-03-02 08:57:20] production.ERROR: Undefined array key "padding_top" (View: C:\Users\Administrator\Local Sites\el-farouk-ecommerce\app\public\@core\resources\views\frontend\partials\pages-portion\dynamic-page-builder-part.blade.php) {"view":{"view":"C:\\Users\\Administrator\\Local Sites\\el-farouk-ecommerce\\app\\public\\@core\\app\\PageBuilder\\Addons\\categories\\CategorySliderThree.php","data":[]},"exception":"[object] (Facade\\Ignition\\Exceptions\\ViewException(code: 0): Undefined array key \"padding_top\" (View: C:\\Users\\Administrator\\Local Sites\\el-farouk-ecommerce\\app\\public\\@core\\resources\\views\\frontend\\partials\\pages-portion\\dynamic-page-builder-part.blade.php) at C:\\Users\\Administrator\\Local Sites\\el-farouk-ecommerce\\app\\public\\@core\\app\\PageBuilder\\Addons\\categories\\CategorySliderThree.php:83)
[stacktrace]
#0 C:\\Users\\Administrator\\Local Sites\\el-farouk-ecommerce\\app\\public\\@core\\app\\PageBuilder\\Addons\\categories\\CategorySliderThree.php(83): Illuminate\\Foundation\\Bootstrap\\HandleExceptions->handleError()
#1 C:\\Users\\Administrator\\Local Sites\\el-farouk-ecommerce\\app\\public\\@core\\app\\PageBuilder\\PageBuilderSetup.php(150): App\\PageBuilder\\Addons\\categories\\CategorySliderThree->frontend_render()
#2 C:\\Users\\Administrator\\Local Sites\\el-farouk-ecommerce\\app\\public\\@core\\app\\PageBuilder\\PageBuilderSetup.php(221): App\\PageBuilder\\PageBuilderSetup::render_widgets_by_name_for_frontend()
#3 C:\\Users\\Administrator\\Local Sites\\el-farouk-ecommerce\\app\\public\\@core\\resources\\views/frontend/partials/pages-portion/dynamic-page-builder-part.blade.php(2): App\\PageBuilder\\PageBuilderSetup::render_frontend_pagebuilder_content_for_dynamic_page()
#4 C:\\Users\\Administrator\\Local Sites\\el-farouk-ecommerce\\app\\public\\@core\\vendor\\laravel\\framework\\src\\Illuminate\\Filesystem\\Filesystem.php(107): require('...')
#5 C:\\Users\\Administrator\\Local Sites\\el-farouk-ecommerce\\app\\public\\@core\\vendor\\laravel\\framework\\src\\Illuminate\\Filesystem\\Filesystem.php(108): Illuminate\\Filesystem\\Filesystem::Illuminate\\Filesystem\\{closure}()
#6 C:\\Users\\Administrator\\Local Sites\\el-farouk-ecommerce\\app\\public\\@core\\vendor\\laravel\\framework\\src\\Illuminate\\View\\Engines\\PhpEngine.php(58): Illuminate\\Filesystem\\Filesystem->getRequire()
#7 C:\\Users\\Administrator\\Local Sites\\el-farouk-ecommerce\\app\\public\\@core\\vendor\\laravel\\framework\\src\\Illuminate\\View\\Engines\\CompilerEngine.php(61): Illuminate\\View\\Engines\\PhpEngine->evaluatePath()
#8 C:\\Users\\Administrator\\Local Sites\\el-farouk-ecommerce\\app\\public\\@core\\vendor\\facade\\ignition\\src\\Views\\Engines\\CompilerEngine.php(37): Illuminate\\View\\Engines\\CompilerEngine->get()
#9 C:\\Users\\Administrator\\Local Sites\\el-farouk-ecommerce\\app\\public\\@core\\vendor\\laravel\\framework\\src\\Illuminate\\View\\View.php(139): Facade\\Ignition\\Views\\Engines\\CompilerEngine->get()
#10 C:\\Users\\Administrator\\Local Sites\\el-farouk-ecommerce\\app\\public\\@core\\vendor\\laravel\\framework\\src\\Illuminate\\View\\View.php(122): Illuminate\\View\\View->getContents()
#11 C:\\Users\\Administrator\\Local Sites\\el-farouk-ecommerce\\app\\public\\@core\\vendor\\laravel\\framework\\src\\Illuminate\\View\\View.php(91): Illuminate\\View\\View->renderContents()
#12 C:\\Users\\Administrator\\Local Sites\\el-farouk-ecommerce\\app\\public\\@core\\resources\\views/frontend/frontend-home.blade.php(3): Illuminate\\View\\View->render()
#13 C:\\Users\\Administrator\\Local Sites\\el-farouk-ecommerce\\app\\public\\@core\\vendor\\laravel\\framework\\src\\Illuminate\\Filesystem\\Filesystem.php(107): require('...')
#14 C:\\Users\\Administrator\\Local Sites\\el-farouk-ecommerce\\app\\public\\@core\\vendor\\laravel\\framework\\src\\Illuminate\\Filesystem\\Filesystem.php(108): Illuminate\\Filesystem\\Filesystem::Illuminate\\Filesystem\\{closure}()
#15 C:\\Users\\Administrator\\Local Sites\\el-farouk-ecommerce\\app\\public\\@core\\vendor\\laravel\\framework\\src\\Illuminate\\View\\Engines\\PhpEngine.php(58): Illuminate\\Filesystem\\Filesystem->getRequire()
#16 C:\\Users\\Administrator\\Local Sites\\el-farouk-ecommerce\\app\\public\\@core\\vendor\\laravel\\framework\\src\\Illuminate\\View\\Engines\\CompilerEngine.php(61): Illuminate\\View\\Engines\\PhpEngine->evaluatePath()
#17 C:\\Users\\Administrator\\Local Sites\\el-farouk-ecommerce\\app\\public\\@core\\vendor\\facade\\ignition\\src\\Views\\Engines\\CompilerEngine.php(37): Illuminate\\View\\Engines\\CompilerEngine->get()
#18 C:\\Users\\Administrator\\Local Sites\\el-farouk-ecommerce\\app\\public\\@core\\vendor\\laravel\\framework\\src\\Illuminate\\View\\View.php(139): Facade\\Ignition\\Views\\Engines\\CompilerEngine->get()
#19 C:\\Users\\Administrator\\Local Sites\\el-farouk-ecommerce\\app\\public\\@core\\vendor\\laravel\\framework\\src\\Illuminate\\View\\View.php(122): Illuminate\\View\\View->getContents()
#20 C:\\Users\\Administrator\\Local Sites\\el-farouk-ecommerce\\app\\public\\@core\\vendor\\laravel\\framework\\src\\Illuminate\\View\\View.php(91): Illuminate\\View\\View->renderContents()
#21 C:\\Users\\Administrator\\Local Sites\\el-farouk-ecommerce\\app\\public\\@core\\vendor\\laravel\\framework\\src\\Illuminate\\Http\\Response.php(69): Illuminate\\View\\View->render()
#22 C:\\Users\\Administrator\\Local Sites\\el-farouk-ecommerce\\app\\public\\@core\\vendor\\laravel\\framework\\src\\Illuminate\\Http\\Response.php(35): Illuminate\\Http\\Response->setContent()
#23 C:\\Users\\Administrator\\Local Sites\\el-farouk-ecommerce\\app\\public\\@core\\vendor\\laravel\\framework\\src\\Illuminate\\Routing\\Router.php(820): Illuminate\\Http\\Response->__construct()
#24 C:\\Users\\Administrator\\Local Sites\\el-farouk-ecommerce\\app\\public\\@core\\vendor\\laravel\\framework\\src\\Illuminate\\Routing\\Router.php(789): Illuminate\\Routing\\Router::toResponse()
#25 C:\\Users\\Administrator\\Local Sites\\el-farouk-ecommerce\\app\\public\\@core\\vendor\\laravel\\framework\\src\\Illuminate\\Routing\\Router.php(720): Illuminate\\Routing\\Router->prepareResponse()
#26 C:\\Users\\Administrator\\Local Sites\\el-farouk-ecommerce\\app\\public\\@core\\vendor\\laravel\\framework\\src\\Illuminate\\Pipeline\\Pipeline.php(128): Illuminate\\Routing\\Router->Illuminate\\Routing\\{closure}()
#27 C:\\Users\\Administrator\\Local Sites\\el-farouk-ecommerce\\app\\public\\@core\\app\\Http\\Middleware\\MaintainsMode.php(22): Illuminate\\Pipeline\\Pipeline->Illuminate\\Pipeline\\{closure}()
#28 C:\\Users\\Administrator\\Local Sites\\el-farouk-ecommerce\\app\\public\\@core\\vendor\\laravel\\framework\\src\\Illuminate\\Pipeline\\Pipeline.php(167): App\\Http\\Middleware\\MaintainsMode->handle()
#29 C:\\Users\\Administrator\\Local Sites\\el-farouk-ecommerce\\app\\public\\@core\\app\\Http\\Middleware\\GlobalVariableMiddleware.php(86): Illuminate\\Pipeline\\Pipeline->Illuminate\\Pipeline\\{closure}()
#30 C:\\Users\\Administrator\\Local Sites\\el-farouk-ecommerce\\app\\public\\@core\\vendor\\laravel\\framework\\src\\Illuminate\\Pipeline\\Pipeline.php(167): App\\Http\\Middleware\\GlobalVariableMiddleware->handle()
#31 C:\\Users\\Administrator\\Local Sites\\el-farouk-ecommerce\\app\\public\\@core\\app\\Http\\Middleware\\SetLang.php(28): Illuminate\\Pipeline\\Pipeline->Illuminate\\Pipeline\\{closure}()
#32 C:\\Users\\Administrator\\Local Sites\\el-farouk-ecommerce\\app\\public\\@core\\vendor\\laravel\\framework\\src\\Illuminate\\Pipeline\\Pipeline.php(167): App\\Http\\Middleware\\SetLang->handle()
#33 C:\\Users\\Administrator\\Local Sites\\el-farouk-ecommerce\\app\\public\\@core\\vendor\\laravel\\framework\\src\\Illuminate\\Routing\\Middleware\\SubstituteBindings.php(50): Illuminate\\Pipeline\\Pipeline->Illuminate\\Pipeline\\{closure}()
#34 C:\\Users\\Administrator\\Local Sites\\el-farouk-ecommerce\\app\\public\\@core\\vendor\\laravel\\framework\\src\\Illuminate\\Pipeline\\Pipeline.php(167): Illuminate\\Routing\\Middleware\\SubstituteBindings->handle()
#35 C:\\Users\\Administrator\\Local Sites\\el-farouk-ecommerce\\app\\public\\@core\\vendor\\laravel\\framework\\src\\Illuminate\\Foundation\\Http\\Middleware\\VerifyCsrfToken.php(78): Illuminate\\Pipeline\\Pipeline->Illuminate\\Pipeline\\{closure}()
#36 C:\\Users\\Administrator\\Local Sites\\el-farouk-ecommerce\\app\\public\\@core\\vendor\\laravel\\framework\\src\\Illuminate\\Pipeline\\Pipeline.php(167): Illuminate\\Foundation\\Http\\Middleware\\VerifyCsrfToken->handle()
#37 C:\\Users\\Administrator\\Local Sites\\el-farouk-ecommerce\\app\\public\\@core\\vendor\\laravel\\framework\\src\\Illuminate\\View\\Middleware\\ShareErrorsFromSession.php(49): Illuminate\\Pipeline\\Pipeline->Illuminate\\Pipeline\\{closure}()
#38 C:\\Users\\Administrator\\Local Sites\\el-farouk-ecommerce\\app\\public\\@core\\vendor\\laravel\\framework\\src\\Illuminate\\Pipeline\\Pipeline.php(167): Illuminate\\View\\Middleware\\ShareErrorsFromSession->handle()
#39 C:\\Users\\Administrator\\Local Sites\\el-farouk-ecommerce\\app\\public\\@core\\vendor\\laravel\\framework\\src\\Illuminate\\Session\\Middleware\\StartSession.php(121): Illuminate\\Pipeline\\Pipeline->Illuminate\\Pipeline\\{closure}()
#40 C:\\Users\\Administrator\\Local Sites\\el-farouk-ecommerce\\app\\public\\@core\\vendor\\laravel\\framework\\src\\Illuminate\\Session\\Middleware\\StartSession.php(64): Illuminate\\Session\\Middleware\\StartSession->handleStatefulRequest()
#41 C:\\Users\\Administrator\\Local Sites\\el-farouk-ecommerce\\app\\public\\@core\\vendor\\laravel\\framework\\src\\Illuminate\\Pipeline\\Pipeline.php(167): Illuminate\\Session\\Middleware\\StartSession->handle()
#42 C:\\Users\\Administrator\\Local Sites\\el-farouk-ecommerce\\app\\public\\@core\\vendor\\laravel\\framework\\src\\Illuminate\\Cookie\\Middleware\\AddQueuedCookiesToResponse.php(37): Illuminate\\Pipeline\\Pipeline->Illuminate\\Pipeline\\{closure}()
#43 C:\\Users\\Administrator\\Local Sites\\el-farouk-ecommerce\\app\\public\\@core\\vendor\\laravel\\framework\\src\\Illuminate\\Pipeline\\Pipeline.php(167): Illuminate\\Cookie\\Middleware\\AddQueuedCookiesToResponse->handle()
#44 C:\\Users\\Administrator\\Local Sites\\el-farouk-ecommerce\\app\\public\\@core\\vendor\\laravel\\framework\\src\\Illuminate\\Cookie\\Middleware\\EncryptCookies.php(67): Illuminate\\Pipeline\\Pipeline->Illuminate\\Pipeline\\{closure}()
#45 C:\\Users\\Administrator\\Local Sites\\el-farouk-ecommerce\\app\\public\\@core\\vendor\\laravel\\framework\\src\\Illuminate\\Pipeline\\Pipeline.php(167): Illuminate\\Cookie\\Middleware\\EncryptCookies->handle()
#46 C:\\Users\\Administrator\\Local Sites\\el-farouk-ecommerce\\app\\public\\@core\\vendor\\laravel\\framework\\src\\Illuminate\\Pipeline\\Pipeline.php(103): Illuminate\\Pipeline\\Pipeline->Illuminate\\Pipeline\\{closure}()
#47 C:\\Users\\Administrator\\Local Sites\\el-farouk-ecommerce\\app\\public\\@core\\vendor\\laravel\\framework\\src\\Illuminate\\Routing\\Router.php(719): Illuminate\\Pipeline\\Pipeline->then()
#48 C:\\Users\\Administrator\\Local Sites\\el-farouk-ecommerce\\app\\public\\@core\\vendor\\laravel\\framework\\src\\Illuminate\\Routing\\Router.php(698): Illuminate\\Routing\\Router->runRouteWithinStack()
#49 C:\\Users\\Administrator\\Local Sites\\el-farouk-ecommerce\\app\\public\\@core\\vendor\\laravel\\framework\\src\\Illuminate\\Routing\\Router.php(662): Illuminate\\Routing\\Router->runRoute()
#50 C:\\Users\\Administrator\\Local Sites\\el-farouk-ecommerce\\app\\public\\@core\\vendor\\laravel\\framework\\src\\Illuminate\\Routing\\Router.php(651): Illuminate\\Routing\\Router->dispatchToRoute()
#51 C:\\Users\\Administrator\\Local Sites\\el-farouk-ecommerce\\app\\public\\@core\\vendor\\laravel\\framework\\src\\Illuminate\\Foundation\\Http\\Kernel.php(167): Illuminate\\Routing\\Router->dispatch()
#52 C:\\Users\\Administrator\\Local Sites\\el-farouk-ecommerce\\app\\public\\@core\\vendor\\laravel\\framework\\src\\Illuminate\\Pipeline\\Pipeline.php(128): Illuminate\\Foundation\\Http\\Kernel->Illuminate\\Foundation\\Http\\{closure}()
#53 C:\\Users\\Administrator\\Local Sites\\el-farouk-ecommerce\\app\\public\\@core\\vendor\\laravel\\framework\\src\\Illuminate\\Foundation\\Http\\Middleware\\TransformsRequest.php(21): Illuminate\\Pipeline\\Pipeline->Illuminate\\Pipeline\\{closure}()
#54 C:\\Users\\Administrator\\Local Sites\\el-farouk-ecommerce\\app\\public\\@core\\vendor\\laravel\\framework\\src\\Illuminate\\Foundation\\Http\\Middleware\\ConvertEmptyStringsToNull.php(31): Illuminate\\Foundation\\Http\\Middleware\\TransformsRequest->handle()
#55 C:\\Users\\Administrator\\Local Sites\\el-farouk-ecommerce\\app\\public\\@core\\vendor\\laravel\\framework\\src\\Illuminate\\Pipeline\\Pipeline.php(167): Illuminate\\Foundation\\Http\\Middleware\\ConvertEmptyStringsToNull->handle()
#56 C:\\Users\\Administrator\\Local Sites\\el-farouk-ecommerce\\app\\public\\@core\\vendor\\laravel\\framework\\src\\Illuminate\\Foundation\\Http\\Middleware\\TransformsRequest.php(21): Illuminate\\Pipeline\\Pipeline->Illuminate\\Pipeline\\{closure}()
#57 C:\\Users\\Administrator\\Local Sites\\el-farouk-ecommerce\\app\\public\\@core\\vendor\\laravel\\framework\\src\\Illuminate\\Foundation\\Http\\Middleware\\TrimStrings.php(40): Illuminate\\Foundation\\Http\\Middleware\\TransformsRequest->handle()
#58 C:\\Users\\Administrator\\Local Sites\\el-farouk-ecommerce\\app\\public\\@core\\vendor\\laravel\\framework\\src\\Illuminate\\Pipeline\\Pipeline.php(167): Illuminate\\Foundation\\Http\\Middleware\\TrimStrings->handle()
#59 C:\\Users\\Administrator\\Local Sites\\el-farouk-ecommerce\\app\\public\\@core\\vendor\\laravel\\framework\\src\\Illuminate\\Foundation\\Http\\Middleware\\ValidatePostSize.php(27): Illuminate\\Pipeline\\Pipeline->Illuminate\\Pipeline\\{closure}()
#60 C:\\Users\\Administrator\\Local Sites\\el-farouk-ecommerce\\app\\public\\@core\\vendor\\laravel\\framework\\src\\Illuminate\\Pipeline\\Pipeline.php(167): Illuminate\\Foundation\\Http\\Middleware\\ValidatePostSize->handle()
#61 C:\\Users\\Administrator\\Local Sites\\el-farouk-ecommerce\\app\\public\\@core\\vendor\\laravel\\framework\\src\\Illuminate\\Foundation\\Http\\Middleware\\PreventRequestsDuringMaintenance.php(86): Illuminate\\Pipeline\\Pipeline->Illuminate\\Pipeline\\{closure}()
#62 C:\\Users\\Administrator\\Local Sites\\el-farouk-ecommerce\\app\\public\\@core\\vendor\\laravel\\framework\\src\\Illuminate\\Pipeline\\Pipeline.php(167): Illuminate\\Foundation\\Http\\Middleware\\PreventRequestsDuringMaintenance->handle()
#63 C:\\Users\\Administrator\\Local Sites\\el-farouk-ecommerce\\app\\public\\@core\\vendor\\fideloper\\proxy\\src\\TrustProxies.php(57): Illuminate\\Pipeline\\Pipeline->Illuminate\\Pipeline\\{closure}()
#64 C:\\Users\\Administrator\\Local Sites\\el-farouk-ecommerce\\app\\public\\@core\\vendor\\laravel\\framework\\src\\Illuminate\\Pipeline\\Pipeline.php(167): Fideloper\\Proxy\\TrustProxies->handle()
#65 C:\\Users\\Administrator\\Local Sites\\el-farouk-ecommerce\\app\\public\\@core\\vendor\\laravel\\framework\\src\\Illuminate\\Pipeline\\Pipeline.php(103): Illuminate\\Pipeline\\Pipeline->Illuminate\\Pipeline\\{closure}()
#66 C:\\Users\\Administrator\\Local Sites\\el-farouk-ecommerce\\app\\public\\@core\\vendor\\laravel\\framework\\src\\Illuminate\\Foundation\\Http\\Kernel.php(142): Illuminate\\Pipeline\\Pipeline->then()
#67 C:\\Users\\Administrator\\Local Sites\\el-farouk-ecommerce\\app\\public\\@core\\vendor\\laravel\\framework\\src\\Illuminate\\Foundation\\Http\\Kernel.php(111): Illuminate\\Foundation\\Http\\Kernel->sendRequestThroughRouter()
#68 C:\\Users\\Administrator\\Local Sites\\el-farouk-ecommerce\\app\\public\\@core\\public\\index.php(54): Illuminate\\Foundation\\Http\\Kernel->handle()
#69 C:\\Users\\Administrator\\Local Sites\\el-farouk-ecommerce\\app\\public\\@core\\server.php(21): require_once('...')
#70 {main}

[previous exception] [object] (ErrorException(code: 0): Undefined array key \"padding_top\" at C:\\Users\\Administrator\\Local Sites\\el-farouk-ecommerce\\app\\public\\@core\\app\\PageBuilder\\Addons\\categories\\CategorySliderThree.php:83)
[stacktrace]
#0 C:\\Users\\Administrator\\Local Sites\\el-farouk-ecommerce\\app\\public\\@core\\app\\PageBuilder\\Addons\\categories\\CategorySliderThree.php(83): Illuminate\\Foundation\\Bootstrap\\HandleExceptions->handleError()
#1 C:\\Users\\Administrator\\Local Sites\\el-farouk-ecommerce\\app\\public\\@core\\app\\PageBuilder\\PageBuilderSetup.php(150): App\\PageBuilder\\Addons\\categories\\CategorySliderThree->frontend_render()
#2 C:\\Users\\Administrator\\Local Sites\\el-farouk-ecommerce\\app\\public\\@core\\app\\PageBuilder\\PageBuilderSetup.php(221): App\\PageBuilder\\PageBuilderSetup::render_widgets_by_name_for_frontend()
#3 C:\\Users\\Administrator\\Local Sites\\el-farouk-ecommerce\\app\\public\\@core\\storage\\framework\\views\\60552c3bb51752dc7375e3f71368d92680e0c0e8.php(2): App\\PageBuilder\\PageBuilderSetup::render_frontend_pagebuilder_content_for_dynamic_page()
#4 C:\\Users\\Administrator\\Local Sites\\el-farouk-ecommerce\\app\\public\\@core\\vendor\\laravel\\framework\\src\\Illuminate\\Filesystem\\Filesystem.php(107): require('...')
#5 C:\\Users\\Administrator\\Local Sites\\el-farouk-ecommerce\\app\\public\\@core\\vendor\\laravel\\framework\\src\\Illuminate\\Filesystem\\Filesystem.php(108): Illuminate\\Filesystem\\Filesystem::Illuminate\\Filesystem\\{closure}()
#6 C:\\Users\\Administrator\\Local Sites\\el-farouk-ecommerce\\app\\public\\@core\\vendor\\laravel\\framework\\src\\Illuminate\\View\\Engines\\PhpEngine.php(58): Illuminate\\Filesystem\\Filesystem->getRequire()
#7 C:\\Users\\Administrator\\Local Sites\\el-farouk-ecommerce\\app\\public\\@core\\vendor\\laravel\\framework\\src\\Illuminate\\View\\Engines\\CompilerEngine.php(61): Illuminate\\View\\Engines\\PhpEngine->evaluatePath()
#8 C:\\Users\\Administrator\\Local Sites\\el-farouk-ecommerce\\app\\public\\@core\\vendor\\facade\\ignition\\src\\Views\\Engines\\CompilerEngine.php(37): Illuminate\\View\\Engines\\CompilerEngine->get()
#9 C:\\Users\\Administrator\\Local Sites\\el-farouk-ecommerce\\app\\public\\@core\\vendor\\laravel\\framework\\src\\Illuminate\\View\\View.php(139): Facade\\Ignition\\Views\\Engines\\CompilerEngine->get()
#10 C:\\Users\\Administrator\\Local Sites\\el-farouk-ecommerce\\app\\public\\@core\\vendor\\laravel\\framework\\src\\Illuminate\\View\\View.php(122): Illuminate\\View\\View->getContents()
#11 C:\\Users\\Administrator\\Local Sites\\el-farouk-ecommerce\\app\\public\\@core\\vendor\\laravel\\framework\\src\\Illuminate\\View\\View.php(91): Illuminate\\View\\View->renderContents()
#12 C:\\Users\\Administrator\\Local Sites\\el-farouk-ecommerce\\app\\public\\@core\\storage\\framework\\views\\ee81d5c841c15dbc2c2ef5ecb43d1c50f574d378.php(2): Illuminate\\View\\View->render()
#13 C:\\Users\\Administrator\\Local Sites\\el-farouk-ecommerce\\app\\public\\@core\\vendor\\laravel\\framework\\src\\Illuminate\\Filesystem\\Filesystem.php(107): require('...')
#14 C:\\Users\\Administrator\\Local Sites\\el-farouk-ecommerce\\app\\public\\@core\\vendor\\laravel\\framework\\src\\Illuminate\\Filesystem\\Filesystem.php(108): Illuminate\\Filesystem\\Filesystem::Illuminate\\Filesystem\\{closure}()
#15 C:\\Users\\Administrator\\Local Sites\\el-farouk-ecommerce\\app\\public\\@core\\vendor\\laravel\\framework\\src\\Illuminate\\View\\Engines\\PhpEngine.php(58): Illuminate\\Filesystem\\Filesystem->getRequire()
#16 C:\\Users\\Administrator\\Local Sites\\el-farouk-ecommerce\\app\\public\\@core\\vendor\\laravel\\framework\\src\\Illuminate\\View\\Engines\\CompilerEngine.php(61): Illuminate\\View\\Engines\\PhpEngine->evaluatePath()
#17 C:\\Users\\Administrator\\Local Sites\\el-farouk-ecommerce\\app\\public\\@core\\vendor\\facade\\ignition\\src\\Views\\Engines\\CompilerEngine.php(37): Illuminate\\View\\Engines\\CompilerEngine->get()
#18 C:\\Users\\Administrator\\Local Sites\\el-farouk-ecommerce\\app\\public\\@core\\vendor\\laravel\\framework\\src\\Illuminate\\View\\View.php(139): Facade\\Ignition\\Views\\Engines\\CompilerEngine->get()
#19 C:\\Users\\Administrator\\Local Sites\\el-farouk-ecommerce\\app\\public\\@core\\vendor\\laravel\\framework\\src\\Illuminate\\View\\View.php(122): Illuminate\\View\\View->getContents()
#20 C:\\Users\\Administrator\\Local Sites\\el-farouk-ecommerce\\app\\public\\@core\\vendor\\laravel\\framework\\src\\Illuminate\\View\\View.php(91): Illuminate\\View\\View->renderContents()
#21 C:\\Users\\Administrator\\Local Sites\\el-farouk-ecommerce\\app\\public\\@core\\vendor\\laravel\\framework\\src\\Illuminate\\Http\\Response.php(69): Illuminate\\View\\View->render()
#22 C:\\Users\\Administrator\\Local Sites\\el-farouk-ecommerce\\app\\public\\@core\\vendor\\laravel\\framework\\src\\Illuminate\\Http\\Response.php(35): Illuminate\\Http\\Response->setContent()
#23 C:\\Users\\Administrator\\Local Sites\\el-farouk-ecommerce\\app\\public\\@core\\vendor\\laravel\\framework\\src\\Illuminate\\Routing\\Router.php(820): Illuminate\\Http\\Response->__construct()
#24 C:\\Users\\Administrator\\Local Sites\\el-farouk-ecommerce\\app\\public\\@core\\vendor\\laravel\\framework\\src\\Illuminate\\Routing\\Router.php(789): Illuminate\\Routing\\Router::toResponse()
#25 C:\\Users\\Administrator\\Local Sites\\el-farouk-ecommerce\\app\\public\\@core\\vendor\\laravel\\framework\\src\\Illuminate\\Routing\\Router.php(720): Illuminate\\Routing\\Router->prepareResponse()
#26 C:\\Users\\Administrator\\Local Sites\\el-farouk-ecommerce\\app\\public\\@core\\vendor\\laravel\\framework\\src\\Illuminate\\Pipeline\\Pipeline.php(128): Illuminate\\Routing\\Router->Illuminate\\Routing\\{closure}()
#27 C:\\Users\\Administrator\\Local Sites\\el-farouk-ecommerce\\app\\public\\@core\\app\\Http\\Middleware\\MaintainsMode.php(22): Illuminate\\Pipeline\\Pipeline->Illuminate\\Pipeline\\{closure}()
#28 C:\\Users\\Administrator\\Local Sites\\el-farouk-ecommerce\\app\\public\\@core\\vendor\\laravel\\framework\\src\\Illuminate\\Pipeline\\Pipeline.php(167): App\\Http\\Middleware\\MaintainsMode->handle()
#29 C:\\Users\\Administrator\\Local Sites\\el-farouk-ecommerce\\app\\public\\@core\\app\\Http\\Middleware\\GlobalVariableMiddleware.php(86): Illuminate\\Pipeline\\Pipeline->Illuminate\\Pipeline\\{closure}()
#30 C:\\Users\\Administrator\\Local Sites\\el-farouk-ecommerce\\app\\public\\@core\\vendor\\laravel\\framework\\src\\Illuminate\\Pipeline\\Pipeline.php(167): App\\Http\\Middleware\\GlobalVariableMiddleware->handle()
#31 C:\\Users\\Administrator\\Local Sites\\el-farouk-ecommerce\\app\\public\\@core\\app\\Http\\Middleware\\SetLang.php(28): Illuminate\\Pipeline\\Pipeline->Illuminate\\Pipeline\\{closure}()
#32 C:\\Users\\Administrator\\Local Sites\\el-farouk-ecommerce\\app\\public\\@core\\vendor\\laravel\\framework\\src\\Illuminate\\Pipeline\\Pipeline.php(167): App\\Http\\Middleware\\SetLang->handle()
#33 C:\\Users\\Administrator\\Local Sites\\el-farouk-ecommerce\\app\\public\\@core\\vendor\\laravel\\framework\\src\\Illuminate\\Routing\\Middleware\\SubstituteBindings.php(50): Illuminate\\Pipeline\\Pipeline->Illuminate\\Pipeline\\{closure}()
#34 C:\\Users\\Administrator\\Local Sites\\el-farouk-ecommerce\\app\\public\\@core\\vendor\\laravel\\framework\\src\\Illuminate\\Pipeline\\Pipeline.php(167): Illuminate\\Routing\\Middleware\\SubstituteBindings->handle()
#35 C:\\Users\\Administrator\\Local Sites\\el-farouk-ecommerce\\app\\public\\@core\\vendor\\laravel\\framework\\src\\Illuminate\\Foundation\\Http\\Middleware\\VerifyCsrfToken.php(78): Illuminate\\Pipeline\\Pipeline->Illuminate\\Pipeline\\{closure}()
#36 C:\\Users\\Administrator\\Local Sites\\el-farouk-ecommerce\\app\\public\\@core\\vendor\\laravel\\framework\\src\\Illuminate\\Pipeline\\Pipeline.php(167): Illuminate\\Foundation\\Http\\Middleware\\VerifyCsrfToken->handle()
#37 C:\\Users\\Administrator\\Local Sites\\el-farouk-ecommerce\\app\\public\\@core\\vendor\\laravel\\framework\\src\\Illuminate\\View\\Middleware\\ShareErrorsFromSession.php(49): Illuminate\\Pipeline\\Pipeline->Illuminate\\Pipeline\\{closure}()
#38 C:\\Users\\Administrator\\Local Sites\\el-farouk-ecommerce\\app\\public\\@core\\vendor\\laravel\\framework\\src\\Illuminate\\Pipeline\\Pipeline.php(167): Illuminate\\View\\Middleware\\ShareErrorsFromSession->handle()
#39 C:\\Users\\Administrator\\Local Sites\\el-farouk-ecommerce\\app\\public\\@core\\vendor\\laravel\\framework\\src\\Illuminate\\Session\\Middleware\\StartSession.php(121): Illuminate\\Pipeline\\Pipeline->Illuminate\\Pipeline\\{closure}()
#40 C:\\Users\\Administrator\\Local Sites\\el-farouk-ecommerce\\app\\public\\@core\\vendor\\laravel\\framework\\src\\Illuminate\\Session\\Middleware\\StartSession.php(64): Illuminate\\Session\\Middleware\\StartSession->handleStatefulRequest()
#41 C:\\Users\\Administrator\\Local Sites\\el-farouk-ecommerce\\app\\public\\@core\\vendor\\laravel\\framework\\src\\Illuminate\\Pipeline\\Pipeline.php(167): Illuminate\\Session\\Middleware\\StartSession->handle()
#42 C:\\Users\\Administrator\\Local Sites\\el-farouk-ecommerce\\app\\public\\@core\\vendor\\laravel\\framework\\src\\Illuminate\\Cookie\\Middleware\\AddQueuedCookiesToResponse.php(37): Illuminate\\Pipeline\\Pipeline->Illuminate\\Pipeline\\{closure}()
#43 C:\\Users\\Administrator\\Local Sites\\el-farouk-ecommerce\\app\\public\\@core\\vendor\\laravel\\framework\\src\\Illuminate\\Pipeline\\Pipeline.php(167): Illuminate\\Cookie\\Middleware\\AddQueuedCookiesToResponse->handle()
#44 C:\\Users\\Administrator\\Local Sites\\el-farouk-ecommerce\\app\\public\\@core\\vendor\\laravel\\framework\\src\\Illuminate\\Cookie\\Middleware\\EncryptCookies.php(67): Illuminate\\Pipeline\\Pipeline->Illuminate\\Pipeline\\{closure}()
#45 C:\\Users\\Administrator\\Local Sites\\el-farouk-ecommerce\\app\\public\\@core\\vendor\\laravel\\framework\\src\\Illuminate\\Pipeline\\Pipeline.php(167): Illuminate\\Cookie\\Middleware\\EncryptCookies->handle()
#46 C:\\Users\\Administrator\\Local Sites\\el-farouk-ecommerce\\app\\public\\@core\\vendor\\laravel\\framework\\src\\Illuminate\\Pipeline\\Pipeline.php(103): Illuminate\\Pipeline\\Pipeline->Illuminate\\Pipeline\\{closure}()
#47 C:\\Users\\Administrator\\Local Sites\\el-farouk-ecommerce\\app\\public\\@core\\vendor\\laravel\\framework\\src\\Illuminate\\Routing\\Router.php(719): Illuminate\\Pipeline\\Pipeline->then()
#48 C:\\Users\\Administrator\\Local Sites\\el-farouk-ecommerce\\app\\public\\@core\\vendor\\laravel\\framework\\src\\Illuminate\\Routing\\Router.php(698): Illuminate\\Routing\\Router->runRouteWithinStack()
#49 C:\\Users\\Administrator\\Local Sites\\el-farouk-ecommerce\\app\\public\\@core\\vendor\\laravel\\framework\\src\\Illuminate\\Routing\\Router.php(662): Illuminate\\Routing\\Router->runRoute()
#50 C:\\Users\\Administrator\\Local Sites\\el-farouk-ecommerce\\app\\public\\@core\\vendor\\laravel\\framework\\src\\Illuminate\\Routing\\Router.php(651): Illuminate\\Routing\\Router->dispatchToRoute()
#51 C:\\Users\\Administrator\\Local Sites\\el-farouk-ecommerce\\app\\public\\@core\\vendor\\laravel\\framework\\src\\Illuminate\\Foundation\\Http\\Kernel.php(167): Illuminate\\Routing\\Router->dispatch()
#52 C:\\Users\\Administrator\\Local Sites\\el-farouk-ecommerce\\app\\public\\@core\\vendor\\laravel\\framework\\src\\Illuminate\\Pipeline\\Pipeline.php(128): Illuminate\\Foundation\\Http\\Kernel->Illuminate\\Foundation\\Http\\{closure}()
#53 C:\\Users\\Administrator\\Local Sites\\el-farouk-ecommerce\\app\\public\\@core\\vendor\\laravel\\framework\\src\\Illuminate\\Foundation\\Http\\Middleware\\TransformsRequest.php(21): Illuminate\\Pipeline\\Pipeline->Illuminate\\Pipeline\\{closure}()
#54 C:\\Users\\Administrator\\Local Sites\\el-farouk-ecommerce\\app\\public\\@core\\vendor\\laravel\\framework\\src\\Illuminate\\Foundation\\Http\\Middleware\\ConvertEmptyStringsToNull.php(31): Illuminate\\Foundation\\Http\\Middleware\\TransformsRequest->handle()
#55 C:\\Users\\Administrator\\Local Sites\\el-farouk-ecommerce\\app\\public\\@core\\vendor\\laravel\\framework\\src\\Illuminate\\Pipeline\\Pipeline.php(167): Illuminate\\Foundation\\Http\\Middleware\\ConvertEmptyStringsToNull->handle()
#56 C:\\Users\\Administrator\\Local Sites\\el-farouk-ecommerce\\app\\public\\@core\\vendor\\laravel\\framework\\src\\Illuminate\\Foundation\\Http\\Middleware\\TransformsRequest.php(21): Illuminate\\Pipeline\\Pipeline->Illuminate\\Pipeline\\{closure}()
#57 C:\\Users\\Administrator\\Local Sites\\el-farouk-ecommerce\\app\\public\\@core\\vendor\\laravel\\framework\\src\\Illuminate\\Foundation\\Http\\Middleware\\TrimStrings.php(40): Illuminate\\Foundation\\Http\\Middleware\\TransformsRequest->handle()
#58 C:\\Users\\Administrator\\Local Sites\\el-farouk-ecommerce\\app\\public\\@core\\vendor\\laravel\\framework\\src\\Illuminate\\Pipeline\\Pipeline.php(167): Illuminate\\Foundation\\Http\\Middleware\\TrimStrings->handle()
#59 C:\\Users\\Administrator\\Local Sites\\el-farouk-ecommerce\\app\\public\\@core\\vendor\\laravel\\framework\\src\\Illuminate\\Foundation\\Http\\Middleware\\ValidatePostSize.php(27): Illuminate\\Pipeline\\Pipeline->Illuminate\\Pipeline\\{closure}()
#60 C:\\Users\\Administrator\\Local Sites\\el-farouk-ecommerce\\app\\public\\@core\\vendor\\laravel\\framework\\src\\Illuminate\\Pipeline\\Pipeline.php(167): Illuminate\\Foundation\\Http\\Middleware\\ValidatePostSize->handle()
#61 C:\\Users\\Administrator\\Local Sites\\el-farouk-ecommerce\\app\\public\\@core\\vendor\\laravel\\framework\\src\\Illuminate\\Foundation\\Http\\Middleware\\PreventRequestsDuringMaintenance.php(86): Illuminate\\Pipeline\\Pipeline->Illuminate\\Pipeline\\{closure}()
#62 C:\\Users\\Administrator\\Local Sites\\el-farouk-ecommerce\\app\\public\\@core\\vendor\\laravel\\framework\\src\\Illuminate\\Pipeline\\Pipeline.php(167): Illuminate\\Foundation\\Http\\Middleware\\PreventRequestsDuringMaintenance->handle()
#63 C:\\Users\\Administrator\\Local Sites\\el-farouk-ecommerce\\app\\public\\@core\\vendor\\fideloper\\proxy\\src\\TrustProxies.php(57): Illuminate\\Pipeline\\Pipeline->Illuminate\\Pipeline\\{closure}()
#64 C:\\Users\\Administrator\\Local Sites\\el-farouk-ecommerce\\app\\public\\@core\\vendor\\laravel\\framework\\src\\Illuminate\\Pipeline\\Pipeline.php(167): Fideloper\\Proxy\\TrustProxies->handle()
#65 C:\\Users\\Administrator\\Local Sites\\el-farouk-ecommerce\\app\\public\\@core\\vendor\\laravel\\framework\\src\\Illuminate\\Pipeline\\Pipeline.php(103): Illuminate\\Pipeline\\Pipeline->Illuminate\\Pipeline\\{closure}()
#66 C:\\Users\\Administrator\\Local Sites\\el-farouk-ecommerce\\app\\public\\@core\\vendor\\laravel\\framework\\src\\Illuminate\\Foundation\\Http\\Kernel.php(142): Illuminate\\Pipeline\\Pipeline->then()
#67 C:\\Users\\Administrator\\Local Sites\\el-farouk-ecommerce\\app\\public\\@core\\vendor\\laravel\\framework\\src\\Illuminate\\Foundation\\Http\\Kernel.php(111): Illuminate\\Foundation\\Http\\Kernel->sendRequestThroughRouter()
#68 C:\\Users\\Administrator\\Local Sites\\el-farouk-ecommerce\\app\\public\\@core\\public\\index.php(54): Illuminate\\Foundation\\Http\\Kernel->handle()
#69 C:\\Users\\Administrator\\Local Sites\\el-farouk-ecommerce\\app\\public\\@core\\server.php(21): require_once('...')
#70 {main}
"} 
[2025-03-02 09:01:45] production.ERROR: Undefined array key "padding_top" (View: C:\Users\Administrator\Local Sites\el-farouk-ecommerce\app\public\@core\resources\views\frontend\partials\pages-portion\dynamic-page-builder-part.blade.php) {"view":{"view":"C:\\Users\\Administrator\\Local Sites\\el-farouk-ecommerce\\app\\public\\@core\\app\\PageBuilder\\Addons\\categories\\CategorySliderThree.php","data":[]},"exception":"[object] (Facade\\Ignition\\Exceptions\\ViewException(code: 0): Undefined array key \"padding_top\" (View: C:\\Users\\Administrator\\Local Sites\\el-farouk-ecommerce\\app\\public\\@core\\resources\\views\\frontend\\partials\\pages-portion\\dynamic-page-builder-part.blade.php) at C:\\Users\\Administrator\\Local Sites\\el-farouk-ecommerce\\app\\public\\@core\\app\\PageBuilder\\Addons\\categories\\CategorySliderThree.php:83)
[stacktrace]
#0 C:\\Users\\Administrator\\Local Sites\\el-farouk-ecommerce\\app\\public\\@core\\app\\PageBuilder\\Addons\\categories\\CategorySliderThree.php(83): Illuminate\\Foundation\\Bootstrap\\HandleExceptions->handleError()
#1 C:\\Users\\Administrator\\Local Sites\\el-farouk-ecommerce\\app\\public\\@core\\app\\PageBuilder\\PageBuilderSetup.php(150): App\\PageBuilder\\Addons\\categories\\CategorySliderThree->frontend_render()
#2 C:\\Users\\Administrator\\Local Sites\\el-farouk-ecommerce\\app\\public\\@core\\app\\PageBuilder\\PageBuilderSetup.php(221): App\\PageBuilder\\PageBuilderSetup::render_widgets_by_name_for_frontend()
#3 C:\\Users\\Administrator\\Local Sites\\el-farouk-ecommerce\\app\\public\\@core\\resources\\views/frontend/partials/pages-portion/dynamic-page-builder-part.blade.php(2): App\\PageBuilder\\PageBuilderSetup::render_frontend_pagebuilder_content_for_dynamic_page()
#4 C:\\Users\\Administrator\\Local Sites\\el-farouk-ecommerce\\app\\public\\@core\\vendor\\laravel\\framework\\src\\Illuminate\\Filesystem\\Filesystem.php(107): require('...')
#5 C:\\Users\\Administrator\\Local Sites\\el-farouk-ecommerce\\app\\public\\@core\\vendor\\laravel\\framework\\src\\Illuminate\\Filesystem\\Filesystem.php(108): Illuminate\\Filesystem\\Filesystem::Illuminate\\Filesystem\\{closure}()
#6 C:\\Users\\Administrator\\Local Sites\\el-farouk-ecommerce\\app\\public\\@core\\vendor\\laravel\\framework\\src\\Illuminate\\View\\Engines\\PhpEngine.php(58): Illuminate\\Filesystem\\Filesystem->getRequire()
#7 C:\\Users\\Administrator\\Local Sites\\el-farouk-ecommerce\\app\\public\\@core\\vendor\\laravel\\framework\\src\\Illuminate\\View\\Engines\\CompilerEngine.php(61): Illuminate\\View\\Engines\\PhpEngine->evaluatePath()
#8 C:\\Users\\Administrator\\Local Sites\\el-farouk-ecommerce\\app\\public\\@core\\vendor\\facade\\ignition\\src\\Views\\Engines\\CompilerEngine.php(37): Illuminate\\View\\Engines\\CompilerEngine->get()
#9 C:\\Users\\Administrator\\Local Sites\\el-farouk-ecommerce\\app\\public\\@core\\vendor\\laravel\\framework\\src\\Illuminate\\View\\View.php(139): Facade\\Ignition\\Views\\Engines\\CompilerEngine->get()
#10 C:\\Users\\Administrator\\Local Sites\\el-farouk-ecommerce\\app\\public\\@core\\vendor\\laravel\\framework\\src\\Illuminate\\View\\View.php(122): Illuminate\\View\\View->getContents()
#11 C:\\Users\\Administrator\\Local Sites\\el-farouk-ecommerce\\app\\public\\@core\\vendor\\laravel\\framework\\src\\Illuminate\\View\\View.php(91): Illuminate\\View\\View->renderContents()
#12 C:\\Users\\Administrator\\Local Sites\\el-farouk-ecommerce\\app\\public\\@core\\resources\\views/frontend/frontend-home.blade.php(3): Illuminate\\View\\View->render()
#13 C:\\Users\\Administrator\\Local Sites\\el-farouk-ecommerce\\app\\public\\@core\\vendor\\laravel\\framework\\src\\Illuminate\\Filesystem\\Filesystem.php(107): require('...')
#14 C:\\Users\\Administrator\\Local Sites\\el-farouk-ecommerce\\app\\public\\@core\\vendor\\laravel\\framework\\src\\Illuminate\\Filesystem\\Filesystem.php(108): Illuminate\\Filesystem\\Filesystem::Illuminate\\Filesystem\\{closure}()
#15 C:\\Users\\Administrator\\Local Sites\\el-farouk-ecommerce\\app\\public\\@core\\vendor\\laravel\\framework\\src\\Illuminate\\View\\Engines\\PhpEngine.php(58): Illuminate\\Filesystem\\Filesystem->getRequire()
#16 C:\\Users\\Administrator\\Local Sites\\el-farouk-ecommerce\\app\\public\\@core\\vendor\\laravel\\framework\\src\\Illuminate\\View\\Engines\\CompilerEngine.php(61): Illuminate\\View\\Engines\\PhpEngine->evaluatePath()
#17 C:\\Users\\Administrator\\Local Sites\\el-farouk-ecommerce\\app\\public\\@core\\vendor\\facade\\ignition\\src\\Views\\Engines\\CompilerEngine.php(37): Illuminate\\View\\Engines\\CompilerEngine->get()
#18 C:\\Users\\Administrator\\Local Sites\\el-farouk-ecommerce\\app\\public\\@core\\vendor\\laravel\\framework\\src\\Illuminate\\View\\View.php(139): Facade\\Ignition\\Views\\Engines\\CompilerEngine->get()
#19 C:\\Users\\Administrator\\Local Sites\\el-farouk-ecommerce\\app\\public\\@core\\vendor\\laravel\\framework\\src\\Illuminate\\View\\View.php(122): Illuminate\\View\\View->getContents()
#20 C:\\Users\\Administrator\\Local Sites\\el-farouk-ecommerce\\app\\public\\@core\\vendor\\laravel\\framework\\src\\Illuminate\\View\\View.php(91): Illuminate\\View\\View->renderContents()
#21 C:\\Users\\Administrator\\Local Sites\\el-farouk-ecommerce\\app\\public\\@core\\vendor\\laravel\\framework\\src\\Illuminate\\Http\\Response.php(69): Illuminate\\View\\View->render()
#22 C:\\Users\\Administrator\\Local Sites\\el-farouk-ecommerce\\app\\public\\@core\\vendor\\laravel\\framework\\src\\Illuminate\\Http\\Response.php(35): Illuminate\\Http\\Response->setContent()
#23 C:\\Users\\Administrator\\Local Sites\\el-farouk-ecommerce\\app\\public\\@core\\vendor\\laravel\\framework\\src\\Illuminate\\Routing\\Router.php(820): Illuminate\\Http\\Response->__construct()
#24 C:\\Users\\Administrator\\Local Sites\\el-farouk-ecommerce\\app\\public\\@core\\vendor\\laravel\\framework\\src\\Illuminate\\Routing\\Router.php(789): Illuminate\\Routing\\Router::toResponse()
#25 C:\\Users\\Administrator\\Local Sites\\el-farouk-ecommerce\\app\\public\\@core\\vendor\\laravel\\framework\\src\\Illuminate\\Routing\\Router.php(720): Illuminate\\Routing\\Router->prepareResponse()
#26 C:\\Users\\Administrator\\Local Sites\\el-farouk-ecommerce\\app\\public\\@core\\vendor\\laravel\\framework\\src\\Illuminate\\Pipeline\\Pipeline.php(128): Illuminate\\Routing\\Router->Illuminate\\Routing\\{closure}()
#27 C:\\Users\\Administrator\\Local Sites\\el-farouk-ecommerce\\app\\public\\@core\\app\\Http\\Middleware\\MaintainsMode.php(22): Illuminate\\Pipeline\\Pipeline->Illuminate\\Pipeline\\{closure}()
#28 C:\\Users\\Administrator\\Local Sites\\el-farouk-ecommerce\\app\\public\\@core\\vendor\\laravel\\framework\\src\\Illuminate\\Pipeline\\Pipeline.php(167): App\\Http\\Middleware\\MaintainsMode->handle()
#29 C:\\Users\\Administrator\\Local Sites\\el-farouk-ecommerce\\app\\public\\@core\\app\\Http\\Middleware\\GlobalVariableMiddleware.php(86): Illuminate\\Pipeline\\Pipeline->Illuminate\\Pipeline\\{closure}()
#30 C:\\Users\\Administrator\\Local Sites\\el-farouk-ecommerce\\app\\public\\@core\\vendor\\laravel\\framework\\src\\Illuminate\\Pipeline\\Pipeline.php(167): App\\Http\\Middleware\\GlobalVariableMiddleware->handle()
#31 C:\\Users\\Administrator\\Local Sites\\el-farouk-ecommerce\\app\\public\\@core\\app\\Http\\Middleware\\SetLang.php(28): Illuminate\\Pipeline\\Pipeline->Illuminate\\Pipeline\\{closure}()
#32 C:\\Users\\Administrator\\Local Sites\\el-farouk-ecommerce\\app\\public\\@core\\vendor\\laravel\\framework\\src\\Illuminate\\Pipeline\\Pipeline.php(167): App\\Http\\Middleware\\SetLang->handle()
#33 C:\\Users\\Administrator\\Local Sites\\el-farouk-ecommerce\\app\\public\\@core\\vendor\\laravel\\framework\\src\\Illuminate\\Routing\\Middleware\\SubstituteBindings.php(50): Illuminate\\Pipeline\\Pipeline->Illuminate\\Pipeline\\{closure}()
#34 C:\\Users\\Administrator\\Local Sites\\el-farouk-ecommerce\\app\\public\\@core\\vendor\\laravel\\framework\\src\\Illuminate\\Pipeline\\Pipeline.php(167): Illuminate\\Routing\\Middleware\\SubstituteBindings->handle()
#35 C:\\Users\\Administrator\\Local Sites\\el-farouk-ecommerce\\app\\public\\@core\\vendor\\laravel\\framework\\src\\Illuminate\\Foundation\\Http\\Middleware\\VerifyCsrfToken.php(78): Illuminate\\Pipeline\\Pipeline->Illuminate\\Pipeline\\{closure}()
#36 C:\\Users\\Administrator\\Local Sites\\el-farouk-ecommerce\\app\\public\\@core\\vendor\\laravel\\framework\\src\\Illuminate\\Pipeline\\Pipeline.php(167): Illuminate\\Foundation\\Http\\Middleware\\VerifyCsrfToken->handle()
#37 C:\\Users\\Administrator\\Local Sites\\el-farouk-ecommerce\\app\\public\\@core\\vendor\\laravel\\framework\\src\\Illuminate\\View\\Middleware\\ShareErrorsFromSession.php(49): Illuminate\\Pipeline\\Pipeline->Illuminate\\Pipeline\\{closure}()
#38 C:\\Users\\Administrator\\Local Sites\\el-farouk-ecommerce\\app\\public\\@core\\vendor\\laravel\\framework\\src\\Illuminate\\Pipeline\\Pipeline.php(167): Illuminate\\View\\Middleware\\ShareErrorsFromSession->handle()
#39 C:\\Users\\Administrator\\Local Sites\\el-farouk-ecommerce\\app\\public\\@core\\vendor\\laravel\\framework\\src\\Illuminate\\Session\\Middleware\\StartSession.php(121): Illuminate\\Pipeline\\Pipeline->Illuminate\\Pipeline\\{closure}()
#40 C:\\Users\\Administrator\\Local Sites\\el-farouk-ecommerce\\app\\public\\@core\\vendor\\laravel\\framework\\src\\Illuminate\\Session\\Middleware\\StartSession.php(64): Illuminate\\Session\\Middleware\\StartSession->handleStatefulRequest()
#41 C:\\Users\\Administrator\\Local Sites\\el-farouk-ecommerce\\app\\public\\@core\\vendor\\laravel\\framework\\src\\Illuminate\\Pipeline\\Pipeline.php(167): Illuminate\\Session\\Middleware\\StartSession->handle()
#42 C:\\Users\\Administrator\\Local Sites\\el-farouk-ecommerce\\app\\public\\@core\\vendor\\laravel\\framework\\src\\Illuminate\\Cookie\\Middleware\\AddQueuedCookiesToResponse.php(37): Illuminate\\Pipeline\\Pipeline->Illuminate\\Pipeline\\{closure}()
#43 C:\\Users\\Administrator\\Local Sites\\el-farouk-ecommerce\\app\\public\\@core\\vendor\\laravel\\framework\\src\\Illuminate\\Pipeline\\Pipeline.php(167): Illuminate\\Cookie\\Middleware\\AddQueuedCookiesToResponse->handle()
#44 C:\\Users\\Administrator\\Local Sites\\el-farouk-ecommerce\\app\\public\\@core\\vendor\\laravel\\framework\\src\\Illuminate\\Cookie\\Middleware\\EncryptCookies.php(67): Illuminate\\Pipeline\\Pipeline->Illuminate\\Pipeline\\{closure}()
#45 C:\\Users\\Administrator\\Local Sites\\el-farouk-ecommerce\\app\\public\\@core\\vendor\\laravel\\framework\\src\\Illuminate\\Pipeline\\Pipeline.php(167): Illuminate\\Cookie\\Middleware\\EncryptCookies->handle()
#46 C:\\Users\\Administrator\\Local Sites\\el-farouk-ecommerce\\app\\public\\@core\\vendor\\laravel\\framework\\src\\Illuminate\\Pipeline\\Pipeline.php(103): Illuminate\\Pipeline\\Pipeline->Illuminate\\Pipeline\\{closure}()
#47 C:\\Users\\Administrator\\Local Sites\\el-farouk-ecommerce\\app\\public\\@core\\vendor\\laravel\\framework\\src\\Illuminate\\Routing\\Router.php(719): Illuminate\\Pipeline\\Pipeline->then()
#48 C:\\Users\\Administrator\\Local Sites\\el-farouk-ecommerce\\app\\public\\@core\\vendor\\laravel\\framework\\src\\Illuminate\\Routing\\Router.php(698): Illuminate\\Routing\\Router->runRouteWithinStack()
#49 C:\\Users\\Administrator\\Local Sites\\el-farouk-ecommerce\\app\\public\\@core\\vendor\\laravel\\framework\\src\\Illuminate\\Routing\\Router.php(662): Illuminate\\Routing\\Router->runRoute()
#50 C:\\Users\\Administrator\\Local Sites\\el-farouk-ecommerce\\app\\public\\@core\\vendor\\laravel\\framework\\src\\Illuminate\\Routing\\Router.php(651): Illuminate\\Routing\\Router->dispatchToRoute()
#51 C:\\Users\\Administrator\\Local Sites\\el-farouk-ecommerce\\app\\public\\@core\\vendor\\laravel\\framework\\src\\Illuminate\\Foundation\\Http\\Kernel.php(167): Illuminate\\Routing\\Router->dispatch()
#52 C:\\Users\\Administrator\\Local Sites\\el-farouk-ecommerce\\app\\public\\@core\\vendor\\laravel\\framework\\src\\Illuminate\\Pipeline\\Pipeline.php(128): Illuminate\\Foundation\\Http\\Kernel->Illuminate\\Foundation\\Http\\{closure}()
#53 C:\\Users\\Administrator\\Local Sites\\el-farouk-ecommerce\\app\\public\\@core\\vendor\\laravel\\framework\\src\\Illuminate\\Foundation\\Http\\Middleware\\TransformsRequest.php(21): Illuminate\\Pipeline\\Pipeline->Illuminate\\Pipeline\\{closure}()
#54 C:\\Users\\Administrator\\Local Sites\\el-farouk-ecommerce\\app\\public\\@core\\vendor\\laravel\\framework\\src\\Illuminate\\Foundation\\Http\\Middleware\\ConvertEmptyStringsToNull.php(31): Illuminate\\Foundation\\Http\\Middleware\\TransformsRequest->handle()
#55 C:\\Users\\Administrator\\Local Sites\\el-farouk-ecommerce\\app\\public\\@core\\vendor\\laravel\\framework\\src\\Illuminate\\Pipeline\\Pipeline.php(167): Illuminate\\Foundation\\Http\\Middleware\\ConvertEmptyStringsToNull->handle()
#56 C:\\Users\\Administrator\\Local Sites\\el-farouk-ecommerce\\app\\public\\@core\\vendor\\laravel\\framework\\src\\Illuminate\\Foundation\\Http\\Middleware\\TransformsRequest.php(21): Illuminate\\Pipeline\\Pipeline->Illuminate\\Pipeline\\{closure}()
#57 C:\\Users\\Administrator\\Local Sites\\el-farouk-ecommerce\\app\\public\\@core\\vendor\\laravel\\framework\\src\\Illuminate\\Foundation\\Http\\Middleware\\TrimStrings.php(40): Illuminate\\Foundation\\Http\\Middleware\\TransformsRequest->handle()
#58 C:\\Users\\Administrator\\Local Sites\\el-farouk-ecommerce\\app\\public\\@core\\vendor\\laravel\\framework\\src\\Illuminate\\Pipeline\\Pipeline.php(167): Illuminate\\Foundation\\Http\\Middleware\\TrimStrings->handle()
#59 C:\\Users\\Administrator\\Local Sites\\el-farouk-ecommerce\\app\\public\\@core\\vendor\\laravel\\framework\\src\\Illuminate\\Foundation\\Http\\Middleware\\ValidatePostSize.php(27): Illuminate\\Pipeline\\Pipeline->Illuminate\\Pipeline\\{closure}()
#60 C:\\Users\\Administrator\\Local Sites\\el-farouk-ecommerce\\app\\public\\@core\\vendor\\laravel\\framework\\src\\Illuminate\\Pipeline\\Pipeline.php(167): Illuminate\\Foundation\\Http\\Middleware\\ValidatePostSize->handle()
#61 C:\\Users\\Administrator\\Local Sites\\el-farouk-ecommerce\\app\\public\\@core\\vendor\\laravel\\framework\\src\\Illuminate\\Foundation\\Http\\Middleware\\PreventRequestsDuringMaintenance.php(86): Illuminate\\Pipeline\\Pipeline->Illuminate\\Pipeline\\{closure}()
#62 C:\\Users\\Administrator\\Local Sites\\el-farouk-ecommerce\\app\\public\\@core\\vendor\\laravel\\framework\\src\\Illuminate\\Pipeline\\Pipeline.php(167): Illuminate\\Foundation\\Http\\Middleware\\PreventRequestsDuringMaintenance->handle()
#63 C:\\Users\\Administrator\\Local Sites\\el-farouk-ecommerce\\app\\public\\@core\\vendor\\fideloper\\proxy\\src\\TrustProxies.php(57): Illuminate\\Pipeline\\Pipeline->Illuminate\\Pipeline\\{closure}()
#64 C:\\Users\\Administrator\\Local Sites\\el-farouk-ecommerce\\app\\public\\@core\\vendor\\laravel\\framework\\src\\Illuminate\\Pipeline\\Pipeline.php(167): Fideloper\\Proxy\\TrustProxies->handle()
#65 C:\\Users\\Administrator\\Local Sites\\el-farouk-ecommerce\\app\\public\\@core\\vendor\\laravel\\framework\\src\\Illuminate\\Pipeline\\Pipeline.php(103): Illuminate\\Pipeline\\Pipeline->Illuminate\\Pipeline\\{closure}()
#66 C:\\Users\\Administrator\\Local Sites\\el-farouk-ecommerce\\app\\public\\@core\\vendor\\laravel\\framework\\src\\Illuminate\\Foundation\\Http\\Kernel.php(142): Illuminate\\Pipeline\\Pipeline->then()
#67 C:\\Users\\Administrator\\Local Sites\\el-farouk-ecommerce\\app\\public\\@core\\vendor\\laravel\\framework\\src\\Illuminate\\Foundation\\Http\\Kernel.php(111): Illuminate\\Foundation\\Http\\Kernel->sendRequestThroughRouter()
#68 C:\\Users\\Administrator\\Local Sites\\el-farouk-ecommerce\\app\\public\\@core\\public\\index.php(54): Illuminate\\Foundation\\Http\\Kernel->handle()
#69 C:\\Users\\Administrator\\Local Sites\\el-farouk-ecommerce\\app\\public\\@core\\server.php(21): require_once('...')
#70 {main}

[previous exception] [object] (ErrorException(code: 0): Undefined array key \"padding_top\" at C:\\Users\\Administrator\\Local Sites\\el-farouk-ecommerce\\app\\public\\@core\\app\\PageBuilder\\Addons\\categories\\CategorySliderThree.php:83)
[stacktrace]
#0 C:\\Users\\Administrator\\Local Sites\\el-farouk-ecommerce\\app\\public\\@core\\app\\PageBuilder\\Addons\\categories\\CategorySliderThree.php(83): Illuminate\\Foundation\\Bootstrap\\HandleExceptions->handleError()
#1 C:\\Users\\Administrator\\Local Sites\\el-farouk-ecommerce\\app\\public\\@core\\app\\PageBuilder\\PageBuilderSetup.php(150): App\\PageBuilder\\Addons\\categories\\CategorySliderThree->frontend_render()
#2 C:\\Users\\Administrator\\Local Sites\\el-farouk-ecommerce\\app\\public\\@core\\app\\PageBuilder\\PageBuilderSetup.php(221): App\\PageBuilder\\PageBuilderSetup::render_widgets_by_name_for_frontend()
#3 C:\\Users\\Administrator\\Local Sites\\el-farouk-ecommerce\\app\\public\\@core\\storage\\framework\\views\\60552c3bb51752dc7375e3f71368d92680e0c0e8.php(2): App\\PageBuilder\\PageBuilderSetup::render_frontend_pagebuilder_content_for_dynamic_page()
#4 C:\\Users\\Administrator\\Local Sites\\el-farouk-ecommerce\\app\\public\\@core\\vendor\\laravel\\framework\\src\\Illuminate\\Filesystem\\Filesystem.php(107): require('...')
#5 C:\\Users\\Administrator\\Local Sites\\el-farouk-ecommerce\\app\\public\\@core\\vendor\\laravel\\framework\\src\\Illuminate\\Filesystem\\Filesystem.php(108): Illuminate\\Filesystem\\Filesystem::Illuminate\\Filesystem\\{closure}()
#6 C:\\Users\\Administrator\\Local Sites\\el-farouk-ecommerce\\app\\public\\@core\\vendor\\laravel\\framework\\src\\Illuminate\\View\\Engines\\PhpEngine.php(58): Illuminate\\Filesystem\\Filesystem->getRequire()
#7 C:\\Users\\Administrator\\Local Sites\\el-farouk-ecommerce\\app\\public\\@core\\vendor\\laravel\\framework\\src\\Illuminate\\View\\Engines\\CompilerEngine.php(61): Illuminate\\View\\Engines\\PhpEngine->evaluatePath()
#8 C:\\Users\\Administrator\\Local Sites\\el-farouk-ecommerce\\app\\public\\@core\\vendor\\facade\\ignition\\src\\Views\\Engines\\CompilerEngine.php(37): Illuminate\\View\\Engines\\CompilerEngine->get()
#9 C:\\Users\\Administrator\\Local Sites\\el-farouk-ecommerce\\app\\public\\@core\\vendor\\laravel\\framework\\src\\Illuminate\\View\\View.php(139): Facade\\Ignition\\Views\\Engines\\CompilerEngine->get()
#10 C:\\Users\\Administrator\\Local Sites\\el-farouk-ecommerce\\app\\public\\@core\\vendor\\laravel\\framework\\src\\Illuminate\\View\\View.php(122): Illuminate\\View\\View->getContents()
#11 C:\\Users\\Administrator\\Local Sites\\el-farouk-ecommerce\\app\\public\\@core\\vendor\\laravel\\framework\\src\\Illuminate\\View\\View.php(91): Illuminate\\View\\View->renderContents()
#12 C:\\Users\\Administrator\\Local Sites\\el-farouk-ecommerce\\app\\public\\@core\\storage\\framework\\views\\ee81d5c841c15dbc2c2ef5ecb43d1c50f574d378.php(2): Illuminate\\View\\View->render()
#13 C:\\Users\\Administrator\\Local Sites\\el-farouk-ecommerce\\app\\public\\@core\\vendor\\laravel\\framework\\src\\Illuminate\\Filesystem\\Filesystem.php(107): require('...')
#14 C:\\Users\\Administrator\\Local Sites\\el-farouk-ecommerce\\app\\public\\@core\\vendor\\laravel\\framework\\src\\Illuminate\\Filesystem\\Filesystem.php(108): Illuminate\\Filesystem\\Filesystem::Illuminate\\Filesystem\\{closure}()
#15 C:\\Users\\Administrator\\Local Sites\\el-farouk-ecommerce\\app\\public\\@core\\vendor\\laravel\\framework\\src\\Illuminate\\View\\Engines\\PhpEngine.php(58): Illuminate\\Filesystem\\Filesystem->getRequire()
#16 C:\\Users\\Administrator\\Local Sites\\el-farouk-ecommerce\\app\\public\\@core\\vendor\\laravel\\framework\\src\\Illuminate\\View\\Engines\\CompilerEngine.php(61): Illuminate\\View\\Engines\\PhpEngine->evaluatePath()
#17 C:\\Users\\Administrator\\Local Sites\\el-farouk-ecommerce\\app\\public\\@core\\vendor\\facade\\ignition\\src\\Views\\Engines\\CompilerEngine.php(37): Illuminate\\View\\Engines\\CompilerEngine->get()
#18 C:\\Users\\Administrator\\Local Sites\\el-farouk-ecommerce\\app\\public\\@core\\vendor\\laravel\\framework\\src\\Illuminate\\View\\View.php(139): Facade\\Ignition\\Views\\Engines\\CompilerEngine->get()
#19 C:\\Users\\Administrator\\Local Sites\\el-farouk-ecommerce\\app\\public\\@core\\vendor\\laravel\\framework\\src\\Illuminate\\View\\View.php(122): Illuminate\\View\\View->getContents()
#20 C:\\Users\\Administrator\\Local Sites\\el-farouk-ecommerce\\app\\public\\@core\\vendor\\laravel\\framework\\src\\Illuminate\\View\\View.php(91): Illuminate\\View\\View->renderContents()
#21 C:\\Users\\Administrator\\Local Sites\\el-farouk-ecommerce\\app\\public\\@core\\vendor\\laravel\\framework\\src\\Illuminate\\Http\\Response.php(69): Illuminate\\View\\View->render()
#22 C:\\Users\\Administrator\\Local Sites\\el-farouk-ecommerce\\app\\public\\@core\\vendor\\laravel\\framework\\src\\Illuminate\\Http\\Response.php(35): Illuminate\\Http\\Response->setContent()
#23 C:\\Users\\Administrator\\Local Sites\\el-farouk-ecommerce\\app\\public\\@core\\vendor\\laravel\\framework\\src\\Illuminate\\Routing\\Router.php(820): Illuminate\\Http\\Response->__construct()
#24 C:\\Users\\Administrator\\Local Sites\\el-farouk-ecommerce\\app\\public\\@core\\vendor\\laravel\\framework\\src\\Illuminate\\Routing\\Router.php(789): Illuminate\\Routing\\Router::toResponse()
#25 C:\\Users\\Administrator\\Local Sites\\el-farouk-ecommerce\\app\\public\\@core\\vendor\\laravel\\framework\\src\\Illuminate\\Routing\\Router.php(720): Illuminate\\Routing\\Router->prepareResponse()
#26 C:\\Users\\Administrator\\Local Sites\\el-farouk-ecommerce\\app\\public\\@core\\vendor\\laravel\\framework\\src\\Illuminate\\Pipeline\\Pipeline.php(128): Illuminate\\Routing\\Router->Illuminate\\Routing\\{closure}()
#27 C:\\Users\\Administrator\\Local Sites\\el-farouk-ecommerce\\app\\public\\@core\\app\\Http\\Middleware\\MaintainsMode.php(22): Illuminate\\Pipeline\\Pipeline->Illuminate\\Pipeline\\{closure}()
#28 C:\\Users\\Administrator\\Local Sites\\el-farouk-ecommerce\\app\\public\\@core\\vendor\\laravel\\framework\\src\\Illuminate\\Pipeline\\Pipeline.php(167): App\\Http\\Middleware\\MaintainsMode->handle()
#29 C:\\Users\\Administrator\\Local Sites\\el-farouk-ecommerce\\app\\public\\@core\\app\\Http\\Middleware\\GlobalVariableMiddleware.php(86): Illuminate\\Pipeline\\Pipeline->Illuminate\\Pipeline\\{closure}()
#30 C:\\Users\\Administrator\\Local Sites\\el-farouk-ecommerce\\app\\public\\@core\\vendor\\laravel\\framework\\src\\Illuminate\\Pipeline\\Pipeline.php(167): App\\Http\\Middleware\\GlobalVariableMiddleware->handle()
#31 C:\\Users\\Administrator\\Local Sites\\el-farouk-ecommerce\\app\\public\\@core\\app\\Http\\Middleware\\SetLang.php(28): Illuminate\\Pipeline\\Pipeline->Illuminate\\Pipeline\\{closure}()
#32 C:\\Users\\Administrator\\Local Sites\\el-farouk-ecommerce\\app\\public\\@core\\vendor\\laravel\\framework\\src\\Illuminate\\Pipeline\\Pipeline.php(167): App\\Http\\Middleware\\SetLang->handle()
#33 C:\\Users\\Administrator\\Local Sites\\el-farouk-ecommerce\\app\\public\\@core\\vendor\\laravel\\framework\\src\\Illuminate\\Routing\\Middleware\\SubstituteBindings.php(50): Illuminate\\Pipeline\\Pipeline->Illuminate\\Pipeline\\{closure}()
#34 C:\\Users\\Administrator\\Local Sites\\el-farouk-ecommerce\\app\\public\\@core\\vendor\\laravel\\framework\\src\\Illuminate\\Pipeline\\Pipeline.php(167): Illuminate\\Routing\\Middleware\\SubstituteBindings->handle()
#35 C:\\Users\\Administrator\\Local Sites\\el-farouk-ecommerce\\app\\public\\@core\\vendor\\laravel\\framework\\src\\Illuminate\\Foundation\\Http\\Middleware\\VerifyCsrfToken.php(78): Illuminate\\Pipeline\\Pipeline->Illuminate\\Pipeline\\{closure}()
#36 C:\\Users\\Administrator\\Local Sites\\el-farouk-ecommerce\\app\\public\\@core\\vendor\\laravel\\framework\\src\\Illuminate\\Pipeline\\Pipeline.php(167): Illuminate\\Foundation\\Http\\Middleware\\VerifyCsrfToken->handle()
#37 C:\\Users\\Administrator\\Local Sites\\el-farouk-ecommerce\\app\\public\\@core\\vendor\\laravel\\framework\\src\\Illuminate\\View\\Middleware\\ShareErrorsFromSession.php(49): Illuminate\\Pipeline\\Pipeline->Illuminate\\Pipeline\\{closure}()
#38 C:\\Users\\Administrator\\Local Sites\\el-farouk-ecommerce\\app\\public\\@core\\vendor\\laravel\\framework\\src\\Illuminate\\Pipeline\\Pipeline.php(167): Illuminate\\View\\Middleware\\ShareErrorsFromSession->handle()
#39 C:\\Users\\Administrator\\Local Sites\\el-farouk-ecommerce\\app\\public\\@core\\vendor\\laravel\\framework\\src\\Illuminate\\Session\\Middleware\\StartSession.php(121): Illuminate\\Pipeline\\Pipeline->Illuminate\\Pipeline\\{closure}()
#40 C:\\Users\\Administrator\\Local Sites\\el-farouk-ecommerce\\app\\public\\@core\\vendor\\laravel\\framework\\src\\Illuminate\\Session\\Middleware\\StartSession.php(64): Illuminate\\Session\\Middleware\\StartSession->handleStatefulRequest()
#41 C:\\Users\\Administrator\\Local Sites\\el-farouk-ecommerce\\app\\public\\@core\\vendor\\laravel\\framework\\src\\Illuminate\\Pipeline\\Pipeline.php(167): Illuminate\\Session\\Middleware\\StartSession->handle()
#42 C:\\Users\\Administrator\\Local Sites\\el-farouk-ecommerce\\app\\public\\@core\\vendor\\laravel\\framework\\src\\Illuminate\\Cookie\\Middleware\\AddQueuedCookiesToResponse.php(37): Illuminate\\Pipeline\\Pipeline->Illuminate\\Pipeline\\{closure}()
#43 C:\\Users\\Administrator\\Local Sites\\el-farouk-ecommerce\\app\\public\\@core\\vendor\\laravel\\framework\\src\\Illuminate\\Pipeline\\Pipeline.php(167): Illuminate\\Cookie\\Middleware\\AddQueuedCookiesToResponse->handle()
#44 C:\\Users\\Administrator\\Local Sites\\el-farouk-ecommerce\\app\\public\\@core\\vendor\\laravel\\framework\\src\\Illuminate\\Cookie\\Middleware\\EncryptCookies.php(67): Illuminate\\Pipeline\\Pipeline->Illuminate\\Pipeline\\{closure}()
#45 C:\\Users\\Administrator\\Local Sites\\el-farouk-ecommerce\\app\\public\\@core\\vendor\\laravel\\framework\\src\\Illuminate\\Pipeline\\Pipeline.php(167): Illuminate\\Cookie\\Middleware\\EncryptCookies->handle()
#46 C:\\Users\\Administrator\\Local Sites\\el-farouk-ecommerce\\app\\public\\@core\\vendor\\laravel\\framework\\src\\Illuminate\\Pipeline\\Pipeline.php(103): Illuminate\\Pipeline\\Pipeline->Illuminate\\Pipeline\\{closure}()
#47 C:\\Users\\Administrator\\Local Sites\\el-farouk-ecommerce\\app\\public\\@core\\vendor\\laravel\\framework\\src\\Illuminate\\Routing\\Router.php(719): Illuminate\\Pipeline\\Pipeline->then()
#48 C:\\Users\\Administrator\\Local Sites\\el-farouk-ecommerce\\app\\public\\@core\\vendor\\laravel\\framework\\src\\Illuminate\\Routing\\Router.php(698): Illuminate\\Routing\\Router->runRouteWithinStack()
#49 C:\\Users\\Administrator\\Local Sites\\el-farouk-ecommerce\\app\\public\\@core\\vendor\\laravel\\framework\\src\\Illuminate\\Routing\\Router.php(662): Illuminate\\Routing\\Router->runRoute()
#50 C:\\Users\\Administrator\\Local Sites\\el-farouk-ecommerce\\app\\public\\@core\\vendor\\laravel\\framework\\src\\Illuminate\\Routing\\Router.php(651): Illuminate\\Routing\\Router->dispatchToRoute()
#51 C:\\Users\\Administrator\\Local Sites\\el-farouk-ecommerce\\app\\public\\@core\\vendor\\laravel\\framework\\src\\Illuminate\\Foundation\\Http\\Kernel.php(167): Illuminate\\Routing\\Router->dispatch()
#52 C:\\Users\\Administrator\\Local Sites\\el-farouk-ecommerce\\app\\public\\@core\\vendor\\laravel\\framework\\src\\Illuminate\\Pipeline\\Pipeline.php(128): Illuminate\\Foundation\\Http\\Kernel->Illuminate\\Foundation\\Http\\{closure}()
#53 C:\\Users\\Administrator\\Local Sites\\el-farouk-ecommerce\\app\\public\\@core\\vendor\\laravel\\framework\\src\\Illuminate\\Foundation\\Http\\Middleware\\TransformsRequest.php(21): Illuminate\\Pipeline\\Pipeline->Illuminate\\Pipeline\\{closure}()
#54 C:\\Users\\Administrator\\Local Sites\\el-farouk-ecommerce\\app\\public\\@core\\vendor\\laravel\\framework\\src\\Illuminate\\Foundation\\Http\\Middleware\\ConvertEmptyStringsToNull.php(31): Illuminate\\Foundation\\Http\\Middleware\\TransformsRequest->handle()
#55 C:\\Users\\Administrator\\Local Sites\\el-farouk-ecommerce\\app\\public\\@core\\vendor\\laravel\\framework\\src\\Illuminate\\Pipeline\\Pipeline.php(167): Illuminate\\Foundation\\Http\\Middleware\\ConvertEmptyStringsToNull->handle()
#56 C:\\Users\\Administrator\\Local Sites\\el-farouk-ecommerce\\app\\public\\@core\\vendor\\laravel\\framework\\src\\Illuminate\\Foundation\\Http\\Middleware\\TransformsRequest.php(21): Illuminate\\Pipeline\\Pipeline->Illuminate\\Pipeline\\{closure}()
#57 C:\\Users\\Administrator\\Local Sites\\el-farouk-ecommerce\\app\\public\\@core\\vendor\\laravel\\framework\\src\\Illuminate\\Foundation\\Http\\Middleware\\TrimStrings.php(40): Illuminate\\Foundation\\Http\\Middleware\\TransformsRequest->handle()
#58 C:\\Users\\Administrator\\Local Sites\\el-farouk-ecommerce\\app\\public\\@core\\vendor\\laravel\\framework\\src\\Illuminate\\Pipeline\\Pipeline.php(167): Illuminate\\Foundation\\Http\\Middleware\\TrimStrings->handle()
#59 C:\\Users\\Administrator\\Local Sites\\el-farouk-ecommerce\\app\\public\\@core\\vendor\\laravel\\framework\\src\\Illuminate\\Foundation\\Http\\Middleware\\ValidatePostSize.php(27): Illuminate\\Pipeline\\Pipeline->Illuminate\\Pipeline\\{closure}()
#60 C:\\Users\\Administrator\\Local Sites\\el-farouk-ecommerce\\app\\public\\@core\\vendor\\laravel\\framework\\src\\Illuminate\\Pipeline\\Pipeline.php(167): Illuminate\\Foundation\\Http\\Middleware\\ValidatePostSize->handle()
#61 C:\\Users\\Administrator\\Local Sites\\el-farouk-ecommerce\\app\\public\\@core\\vendor\\laravel\\framework\\src\\Illuminate\\Foundation\\Http\\Middleware\\PreventRequestsDuringMaintenance.php(86): Illuminate\\Pipeline\\Pipeline->Illuminate\\Pipeline\\{closure}()
#62 C:\\Users\\Administrator\\Local Sites\\el-farouk-ecommerce\\app\\public\\@core\\vendor\\laravel\\framework\\src\\Illuminate\\Pipeline\\Pipeline.php(167): Illuminate\\Foundation\\Http\\Middleware\\PreventRequestsDuringMaintenance->handle()
#63 C:\\Users\\Administrator\\Local Sites\\el-farouk-ecommerce\\app\\public\\@core\\vendor\\fideloper\\proxy\\src\\TrustProxies.php(57): Illuminate\\Pipeline\\Pipeline->Illuminate\\Pipeline\\{closure}()
#64 C:\\Users\\Administrator\\Local Sites\\el-farouk-ecommerce\\app\\public\\@core\\vendor\\laravel\\framework\\src\\Illuminate\\Pipeline\\Pipeline.php(167): Fideloper\\Proxy\\TrustProxies->handle()
#65 C:\\Users\\Administrator\\Local Sites\\el-farouk-ecommerce\\app\\public\\@core\\vendor\\laravel\\framework\\src\\Illuminate\\Pipeline\\Pipeline.php(103): Illuminate\\Pipeline\\Pipeline->Illuminate\\Pipeline\\{closure}()
#66 C:\\Users\\Administrator\\Local Sites\\el-farouk-ecommerce\\app\\public\\@core\\vendor\\laravel\\framework\\src\\Illuminate\\Foundation\\Http\\Kernel.php(142): Illuminate\\Pipeline\\Pipeline->then()
#67 C:\\Users\\Administrator\\Local Sites\\el-farouk-ecommerce\\app\\public\\@core\\vendor\\laravel\\framework\\src\\Illuminate\\Foundation\\Http\\Kernel.php(111): Illuminate\\Foundation\\Http\\Kernel->sendRequestThroughRouter()
#68 C:\\Users\\Administrator\\Local Sites\\el-farouk-ecommerce\\app\\public\\@core\\public\\index.php(54): Illuminate\\Foundation\\Http\\Kernel->handle()
#69 C:\\Users\\Administrator\\Local Sites\\el-farouk-ecommerce\\app\\public\\@core\\server.php(21): require_once('...')
#70 {main}
"} 
